::1 - - [06/Apr/2018:08:50:28 +0800] "GET /phpmyadmin/ HTTP/1.1" 200 7939
::1 - - [06/Apr/2018:08:50:31 +0800] "GET /phpmyadmin/ HTTP/1.1" 200 7939
::1 - - [06/Apr/2018:08:50:34 +0800] "GET /phpmyadmin/themes/pmahomme/jquery/jquery-ui-1.9.2.custom.css HTTP/1.1" 200 32278
::1 - - [06/Apr/2018:08:50:34 +0800] "GET /phpmyadmin/js/get_scripts.js.php?scripts[]=jquery/jquery-1.8.3.js&scripts[]=ajax.js&scripts[]=keyhandler.js&scripts[]=jquery/jquery-ui-1.9.2.custom.js&scripts[]=jquery/jquery.sprintf.js&scripts[]=jquery/jquery.cookie.js&scripts[]=jquery/jquery.mousewheel.js&scripts[]=jquery/jquery.event.drag-2.2.js&scripts[]=jquery/jquery-ui-timepicker-addon.js&scripts[]=jquery/jquery.ba-hashchange-1.3.js&scripts[]=jquery/jquery.debounce-1.0.5.js&scripts[]=jquery/jquery.menuResizer-1.0.js&scripts[]=rte.js&scripts[]=functions.js&scripts[]=navigation.js&scripts[]=indexes.js&scripts[]=common.js&scripts[]=codemirror/lib/codemirror.js&scripts[]=codemirror/mode/mysql/mysql.js HTTP/1.1" 200 578562
::1 - - [06/Apr/2018:08:50:34 +0800] "GET /phpmyadmin/phpmyadmin.css.php?server=1&token=3baa7c2df23ac93e2d281a073c851df0&nocache=4125195912ltr HTTP/1.1" 200 88608
::1 - - [06/Apr/2018:08:50:34 +0800] "GET /phpmyadmin/js/messages.php?lang=en&db=&server=0&token=52ab57a972f1dba043c74cc6ac1c870b HTTP/1.1" 200 16674
::1 - - [06/Apr/2018:08:50:36 +0800] "GET /phpmyadmin/themes/pmahomme/img/logo_right.png HTTP/1.1" 200 4548
::1 - - [06/Apr/2018:08:50:34 +0800] "GET /phpmyadmin/js/get_image.js.php?theme=pmahomme HTTP/1.1" 200 6263
::1 - - [06/Apr/2018:08:50:36 +0800] "GET /phpmyadmin/themes/pmahomme/img/sprites.png HTTP/1.1" 200 61899
::1 - - [06/Apr/2018:08:50:40 +0800] "POST /phpmyadmin/index.php HTTP/1.1" 302 -
::1 - - [06/Apr/2018:08:50:40 +0800] "GET /phpmyadmin/index.php?token=3baa7c2df23ac93e2d281a073c851df0 HTTP/1.1" 200 8076
::1 - - [06/Apr/2018:08:50:40 +0800] "GET /phpmyadmin/js/messages.php?lang=en&db=&server=0&token=3baa7c2df23ac93e2d281a073c851df0 HTTP/1.1" 200 16674
::1 - - [06/Apr/2018:08:50:43 +0800] "POST /phpmyadmin/index.php HTTP/1.1" 302 -
::1 - - [06/Apr/2018:08:50:43 +0800] "GET /phpmyadmin/index.php?token=3baa7c2df23ac93e2d281a073c851df0 HTTP/1.1" 200 43119
::1 - - [06/Apr/2018:08:50:44 +0800] "GET /phpmyadmin/phpmyadmin.css.php?server=1&token=3baa7c2df23ac93e2d281a073c851df0&nocache=5648171756ltr HTTP/1.1" 200 88608
::1 - - [06/Apr/2018:08:50:45 +0800] "GET /phpmyadmin/version_check.php?&_nocache=1522975845012665683 HTTP/1.1" 200 39
::1 - - [06/Apr/2018:08:50:48 +0800] "GET /phpmyadmin/server_sql.php?db=&token=3baa7c2df23ac93e2d281a073c851df0&ajax_request=true&ajax_page_request=true&menuHashes=38fa50cd&_nocache=1522975848151188491 HTTP/1.1" 200 6541
::1 - - [06/Apr/2018:08:50:48 +0800] "GET /phpmyadmin/js/get_scripts.js.php?scripts[]=makegrid.js&scripts[]=sql.js HTTP/1.1" 200 35099
::1 - - [06/Apr/2018:08:51:42 +0800] "POST /phpmyadmin/import.php HTTP/1.1" 200 1786
::1 - - [06/Apr/2018:08:51:50 +0800] "POST /phpmyadmin/import.php HTTP/1.1" 200 5780
::1 - - [06/Apr/2018:08:51:54 +0800] "GET /phpmyadmin/server_databases.php?db=&token=3baa7c2df23ac93e2d281a073c851df0&ajax_request=true&ajax_page_request=true&menuHashes=38fa50cd-ac3a0a54&_nocache=1522975914202954217 HTTP/1.1" 200 33847
::1 - - [06/Apr/2018:08:51:54 +0800] "GET /phpmyadmin/js/get_scripts.js.php?scripts[]=server_databases.js HTTP/1.1" 200 1818
::1 - - [06/Apr/2018:08:51:58 +0800] "POST /phpmyadmin/db_create.php HTTP/1.1" 200 2231
::1 - - [06/Apr/2018:08:51:58 +0800] "POST /phpmyadmin/navigation.php?ajax_request=1&token=3baa7c2df23ac93e2d281a073c851df0 HTTP/1.1" 200 1872
::1 - - [06/Apr/2018:08:52:00 +0800] "GET /phpmyadmin/db_structure.php?server=1&db=db&token=3baa7c2df23ac93e2d281a073c851df0&ajax_request=true&ajax_page_request=true&menuHashes=38fa50cd-ac3a0a54-145f1bbe&_nocache=1522975920659695616 HTTP/1.1" 200 5421
::1 - - [06/Apr/2018:08:52:01 +0800] "GET /phpmyadmin/js/get_scripts.js.php?scripts[]=db_structure.js&scripts[]=tbl_change.js HTTP/1.1" 200 12382
::1 - - [06/Apr/2018:08:52:02 +0800] "GET /phpmyadmin/db_structure.php?server=1&db=db&token=3baa7c2df23ac93e2d281a073c851df0&ajax_request=true&ajax_page_request=true&menuHashes=38fa50cd-ac3a0a54-145f1bbe-8fd17ac7&_nocache=1522975922466892566 HTTP/1.1" 200 2409
::1 - - [06/Apr/2018:08:52:03 +0800] "GET /phpmyadmin/db_sql.php?db=db&token=3baa7c2df23ac93e2d281a073c851df0&db_query_force=1&ajax_request=true&ajax_page_request=true&menuHashes=38fa50cd-ac3a0a54-145f1bbe-8fd17ac7&_nocache=1522975923185614858 HTTP/1.1" 200 6924
::1 - - [06/Apr/2018:08:52:05 +0800] "POST /phpmyadmin/import.php HTTP/1.1" 200 2380
::1 - - [06/Apr/2018:08:52:18 +0800] "GET /phpmyadmin/db_structure.php?server=1&db=db&token=3baa7c2df23ac93e2d281a073c851df0&ajax_request=true&ajax_page_request=true&menuHashes=38fa50cd-ac3a0a54-145f1bbe-8fd17ac7-69f18123&_nocache=1522975938786809585 HTTP/1.1" 200 17643
::1 - - [06/Apr/2018:08:53:13 +0800] "GET /sb HTTP/1.1" 301 228
::1 - - [06/Apr/2018:08:53:13 +0800] "GET /simpleblog/ HTTP/1.1" 404 209
::1 - - [06/Apr/2018:08:53:13 +0800] "GET /sb/ HTTP/1.1" 200 1798
::1 - - [06/Apr/2018:08:53:13 +0800] "GET /sb/style/normalize.css HTTP/1.1" 200 9515
::1 - - [06/Apr/2018:08:53:13 +0800] "GET /sb/style/main.css HTTP/1.1" 200 2108
::1 - - [06/Apr/2018:08:53:16 +0800] "GET /sb/?p=2 HTTP/1.1" 200 1895
::1 - - [06/Apr/2018:08:53:17 +0800] "GET /sb/?p=3 HTTP/1.1" 200 1742
::1 - - [06/Apr/2018:08:53:18 +0800] "GET /sb/?p=4 HTTP/1.1" 200 1810
::1 - - [06/Apr/2018:08:53:23 +0800] "GET /sb/admin HTTP/1.1" 301 234
::1 - - [06/Apr/2018:08:53:23 +0800] "GET /sb/admin/ HTTP/1.1" 302 2004
::1 - - [06/Apr/2018:08:53:23 +0800] "GET /sb/admin/login.php HTTP/1.1" 200 562
::1 - - [06/Apr/2018:08:53:26 +0800] "POST /sb/admin/login.php HTTP/1.1" 302 393
::1 - - [06/Apr/2018:08:53:27 +0800] "GET /sb/admin/index.php HTTP/1.1" 200 1872
::1 - - [06/Apr/2018:08:53:29 +0800] "GET /sb/admin/logout.php HTTP/1.1" 302 -
::1 - - [06/Apr/2018:08:53:29 +0800] "GET /sb/admin/index.php HTTP/1.1" 302 2004
::1 - - [06/Apr/2018:08:53:29 +0800] "GET /sb/admin/login.php HTTP/1.1" 200 562
