[Fri Apr 06 08:49:23.124000 2018] [mpm_winnt:notice] [pid 7172:tid 364] AH00455: Apache/2.4.6 (Win32) PHP/5.4.17 configured -- resuming normal operations
[Fri Apr 06 08:49:24.348000 2018] [mpm_winnt:notice] [pid 7172:tid 364] AH00456: Apache Lounge VC10 Server built: Jul 16 2013 11:15:41
[Fri Apr 06 08:49:24.349000 2018] [core:notice] [pid 7172:tid 364] AH00094: Command line: 'F:\\C'est bon\\USBWebserver v8.6/apache2/bin/httpd_usbwv8.exe -d F:/C'est bon/USBWebserver v8.6/apache2'
[Fri Apr 06 08:49:24.422000 2018] [mpm_winnt:notice] [pid 7172:tid 364] AH00418: Parent: Created child process 5284
[Fri Apr 06 08:49:26.294000 2018] [mpm_winnt:notice] [pid 5284:tid 388] AH00354: Child: Starting 64 worker threads.
[Fri Apr 06 08:50:11.155000 2018] [core:warn] [pid 6428:tid 128] AH00098: pid file F:/C'est bon/USBWebserver v8.6/apache2/logs/httpd.pid overwritten -- Unclean shutdown of previous Apache run?
[Fri Apr 06 08:50:23.745000 2018] [mpm_winnt:notice] [pid 6428:tid 128] AH00455: Apache/2.4.6 (Win32) PHP/5.4.17 configured -- resuming normal operations
[Fri Apr 06 08:50:23.745000 2018] [mpm_winnt:notice] [pid 6428:tid 128] AH00456: Apache Lounge VC10 Server built: Jul 16 2013 11:15:41
[Fri Apr 06 08:50:23.745000 2018] [core:notice] [pid 6428:tid 128] AH00094: Command line: 'F:\\C'est bon\\USBWebserver v8.6/apache2/bin/httpd_usbwv8.exe -d F:/C'est bon/USBWebserver v8.6/apache2'
[Fri Apr 06 08:50:23.790000 2018] [mpm_winnt:notice] [pid 6428:tid 128] AH00418: Parent: Created child process 2764
[Fri Apr 06 08:50:27.129000 2018] [mpm_winnt:notice] [pid 2764:tid 388] AH00354: Child: Starting 64 worker threads.
[Fri Apr 06 08:53:13.709000 2018] [rewrite:warn] [pid 2764:tid 924] AH00665: RewriteCond: NoCase option for non-regex pattern '-d' is not supported and will be ignored. (F:/C'est bon/USBWebserver v8.6/root/sb/.htaccess:7)
[Fri Apr 06 08:53:13.709000 2018] [rewrite:warn] [pid 2764:tid 924] AH00665: RewriteCond: NoCase option for non-regex pattern '-f' is not supported and will be ignored. (F:/C'est bon/USBWebserver v8.6/root/sb/.htaccess:8)
[Fri Apr 06 08:53:13.727000 2018] [rewrite:warn] [pid 2764:tid 924] AH00665: RewriteCond: NoCase option for non-regex pattern '-d' is not supported and will be ignored. (F:/C'est bon/USBWebserver v8.6/root/sb/.htaccess:7)
[Fri Apr 06 08:53:13.728000 2018] [rewrite:warn] [pid 2764:tid 924] AH00665: RewriteCond: NoCase option for non-regex pattern '-f' is not supported and will be ignored. (F:/C'est bon/USBWebserver v8.6/root/sb/.htaccess:8)
[Fri Apr 06 08:53:13.856000 2018] [rewrite:warn] [pid 2764:tid 924] AH00665: RewriteCond: NoCase option for non-regex pattern '-d' is not supported and will be ignored. (F:/C'est bon/USBWebserver v8.6/root/sb/.htaccess:7)
[Fri Apr 06 08:53:13.856000 2018] [rewrite:warn] [pid 2764:tid 924] AH00665: RewriteCond: NoCase option for non-regex pattern '-f' is not supported and will be ignored. (F:/C'est bon/USBWebserver v8.6/root/sb/.htaccess:8)
[Fri Apr 06 08:53:13.912000 2018] [rewrite:warn] [pid 2764:tid 916] AH00665: RewriteCond: NoCase option for non-regex pattern '-d' is not supported and will be ignored. (F:/C'est bon/USBWebserver v8.6/root/sb/.htaccess:7)
[Fri Apr 06 08:53:13.912000 2018] [rewrite:warn] [pid 2764:tid 916] AH00665: RewriteCond: NoCase option for non-regex pattern '-f' is not supported and will be ignored. (F:/C'est bon/USBWebserver v8.6/root/sb/.htaccess:8)
[Fri Apr 06 08:53:16.555000 2018] [rewrite:warn] [pid 2764:tid 916] AH00665: RewriteCond: NoCase option for non-regex pattern '-d' is not supported and will be ignored. (F:/C'est bon/USBWebserver v8.6/root/sb/.htaccess:7)
[Fri Apr 06 08:53:16.555000 2018] [rewrite:warn] [pid 2764:tid 916] AH00665: RewriteCond: NoCase option for non-regex pattern '-f' is not supported and will be ignored. (F:/C'est bon/USBWebserver v8.6/root/sb/.htaccess:8)
[Fri Apr 06 08:53:17.455000 2018] [rewrite:warn] [pid 2764:tid 916] AH00665: RewriteCond: NoCase option for non-regex pattern '-d' is not supported and will be ignored. (F:/C'est bon/USBWebserver v8.6/root/sb/.htaccess:7)
[Fri Apr 06 08:53:17.455000 2018] [rewrite:warn] [pid 2764:tid 916] AH00665: RewriteCond: NoCase option for non-regex pattern '-f' is not supported and will be ignored. (F:/C'est bon/USBWebserver v8.6/root/sb/.htaccess:8)
[Fri Apr 06 08:53:18.315000 2018] [rewrite:warn] [pid 2764:tid 916] AH00665: RewriteCond: NoCase option for non-regex pattern '-d' is not supported and will be ignored. (F:/C'est bon/USBWebserver v8.6/root/sb/.htaccess:7)
[Fri Apr 06 08:53:18.315000 2018] [rewrite:warn] [pid 2764:tid 916] AH00665: RewriteCond: NoCase option for non-regex pattern '-f' is not supported and will be ignored. (F:/C'est bon/USBWebserver v8.6/root/sb/.htaccess:8)
[Fri Apr 06 08:53:23.340000 2018] [rewrite:warn] [pid 2764:tid 916] AH00665: RewriteCond: NoCase option for non-regex pattern '-d' is not supported and will be ignored. (F:/C'est bon/USBWebserver v8.6/root/sb/.htaccess:7)
[Fri Apr 06 08:53:23.341000 2018] [rewrite:warn] [pid 2764:tid 916] AH00665: RewriteCond: NoCase option for non-regex pattern '-f' is not supported and will be ignored. (F:/C'est bon/USBWebserver v8.6/root/sb/.htaccess:8)
[Fri Apr 06 08:53:23.358000 2018] [rewrite:warn] [pid 2764:tid 916] AH00665: RewriteCond: NoCase option for non-regex pattern '-d' is not supported and will be ignored. (F:/C'est bon/USBWebserver v8.6/root/sb/.htaccess:7)
[Fri Apr 06 08:53:23.358000 2018] [rewrite:warn] [pid 2764:tid 916] AH00665: RewriteCond: NoCase option for non-regex pattern '-f' is not supported and will be ignored. (F:/C'est bon/USBWebserver v8.6/root/sb/.htaccess:8)
[Fri Apr 06 08:53:23.412000 2018] [:error] [pid 2764:tid 916] [client ::1:51392] PHP Notice:  Undefined index: username in F:\\C'est bon\\USBWebserver v8.6\\root\\sb\\admin\\menu.php on line 2
[Fri Apr 06 08:53:23.429000 2018] [rewrite:warn] [pid 2764:tid 916] AH00665: RewriteCond: NoCase option for non-regex pattern '-d' is not supported and will be ignored. (F:/C'est bon/USBWebserver v8.6/root/sb/.htaccess:7)
[Fri Apr 06 08:53:23.429000 2018] [rewrite:warn] [pid 2764:tid 916] AH00665: RewriteCond: NoCase option for non-regex pattern '-f' is not supported and will be ignored. (F:/C'est bon/USBWebserver v8.6/root/sb/.htaccess:8)
[Fri Apr 06 08:53:26.703000 2018] [rewrite:warn] [pid 2764:tid 912] AH00665: RewriteCond: NoCase option for non-regex pattern '-d' is not supported and will be ignored. (F:/C'est bon/USBWebserver v8.6/root/sb/.htaccess:7)
[Fri Apr 06 08:53:26.703000 2018] [rewrite:warn] [pid 2764:tid 912] AH00665: RewriteCond: NoCase option for non-regex pattern '-f' is not supported and will be ignored. (F:/C'est bon/USBWebserver v8.6/root/sb/.htaccess:8)
[Fri Apr 06 08:53:27.105000 2018] [:error] [pid 2764:tid 912] [client ::1:51402] PHP Notice:  Undefined index: memberID in F:\\C'est bon\\USBWebserver v8.6\\root\\sb\\classes\\class.user.php on line 43, referer: http://localhost/sb/admin/login.php
[Fri Apr 06 08:53:27.125000 2018] [rewrite:warn] [pid 2764:tid 912] AH00665: RewriteCond: NoCase option for non-regex pattern '-d' is not supported and will be ignored. (F:/C'est bon/USBWebserver v8.6/root/sb/.htaccess:7)
[Fri Apr 06 08:53:27.125000 2018] [rewrite:warn] [pid 2764:tid 912] AH00665: RewriteCond: NoCase option for non-regex pattern '-f' is not supported and will be ignored. (F:/C'est bon/USBWebserver v8.6/root/sb/.htaccess:8)
[Fri Apr 06 08:53:29.332000 2018] [rewrite:warn] [pid 2764:tid 912] AH00665: RewriteCond: NoCase option for non-regex pattern '-d' is not supported and will be ignored. (F:/C'est bon/USBWebserver v8.6/root/sb/.htaccess:7)
[Fri Apr 06 08:53:29.332000 2018] [rewrite:warn] [pid 2764:tid 912] AH00665: RewriteCond: NoCase option for non-regex pattern '-f' is not supported and will be ignored. (F:/C'est bon/USBWebserver v8.6/root/sb/.htaccess:8)
[Fri Apr 06 08:53:29.388000 2018] [rewrite:warn] [pid 2764:tid 912] AH00665: RewriteCond: NoCase option for non-regex pattern '-d' is not supported and will be ignored. (F:/C'est bon/USBWebserver v8.6/root/sb/.htaccess:7)
[Fri Apr 06 08:53:29.388000 2018] [rewrite:warn] [pid 2764:tid 912] AH00665: RewriteCond: NoCase option for non-regex pattern '-f' is not supported and will be ignored. (F:/C'est bon/USBWebserver v8.6/root/sb/.htaccess:8)
[Fri Apr 06 08:53:29.431000 2018] [:error] [pid 2764:tid 912] [client ::1:51402] PHP Notice:  Undefined index: username in F:\\C'est bon\\USBWebserver v8.6\\root\\sb\\admin\\menu.php on line 2, referer: http://localhost/sb/admin/index.php
[Fri Apr 06 08:53:29.447000 2018] [rewrite:warn] [pid 2764:tid 912] AH00665: RewriteCond: NoCase option for non-regex pattern '-d' is not supported and will be ignored. (F:/C'est bon/USBWebserver v8.6/root/sb/.htaccess:7)
[Fri Apr 06 08:53:29.447000 2018] [rewrite:warn] [pid 2764:tid 912] AH00665: RewriteCond: NoCase option for non-regex pattern '-f' is not supported and will be ignored. (F:/C'est bon/USBWebserver v8.6/root/sb/.htaccess:8)
