2018-01-31 15:33:35 976 [Note] Plugin 'FEDERATED' is disabled.
2018-01-31 15:33:35 976 [Note] InnoDB: The InnoDB memory heap is disabled
2018-01-31 15:33:35 976 [Note] InnoDB: Mutexes and rw_locks use Windows interlocked functions
2018-01-31 15:33:35 976 [Note] InnoDB: Compressed tables use zlib 1.2.3
2018-01-31 15:33:35 976 [Note] InnoDB: Not using CPU crc32 instructions
2018-01-31 15:33:35 976 [Note] InnoDB: Initializing buffer pool, size = 128.0M
2018-01-31 15:33:35 976 [Note] InnoDB: Completed initialization of buffer pool
2018-01-31 15:33:35 976 [Note] InnoDB: Setting log file C:\Users\ITE152A-13\Desktop\wordpressing\USBWebserver v8.6\mysql\data\ib_logfile101 size to 5 MB
2018-01-31 15:33:35 976 [Note] InnoDB: Setting log file C:\Users\ITE152A-13\Desktop\wordpressing\USBWebserver v8.6\mysql\data\ib_logfile1 size to 5 MB
2018-01-31 15:33:35 976 [Note] InnoDB: Renaming log file C:\Users\ITE152A-13\Desktop\wordpressing\USBWebserver v8.6\mysql\data\ib_logfile101 to C:\Users\ITE152A-13\Desktop\wordpressing\USBWebserver v8.6\mysql\data\ib_logfile0
2018-01-31 15:33:35 976 [Warning] InnoDB: New log files created, LSN=1626134
2018-01-31 15:33:35 976 [Note] InnoDB: Highest supported file format is Barracuda.
2018-01-31 15:33:36 976 [Note] InnoDB: 128 rollback segment(s) are active.
2018-01-31 15:33:36 976 [Note] InnoDB: Waiting for purge to start
2018-01-31 15:33:36 976 [Note] InnoDB: 5.6.13 started; log sequence number 1626636
2018-01-31 15:33:36 976 [Warning] No existing UUID has been found, so we assume that this is the first time that this server has been started. Generating a new UUID: 0c2c0e50-0659-11e8-86eb-08002700c8b4.
2018-01-31 15:33:36 976 [Note] Server hostname (bind-address): '*'; port: 3307
2018-01-31 15:33:36 976 [Note] IPv6 is available.
2018-01-31 15:33:36 976 [Note]   - '::' resolves to '::';
2018-01-31 15:33:36 976 [Note] Server socket created on IP: '::'.
2018-01-31 15:34:27 6712 [Note] Plugin 'FEDERATED' is disabled.
2018-01-31 15:34:27 6712 [Note] InnoDB: The InnoDB memory heap is disabled
2018-01-31 15:34:27 6712 [Note] InnoDB: Mutexes and rw_locks use Windows interlocked functions
2018-01-31 15:34:27 6712 [Note] InnoDB: Compressed tables use zlib 1.2.3
2018-01-31 15:34:27 6712 [Note] InnoDB: Not using CPU crc32 instructions
2018-01-31 15:34:27 6712 [Note] InnoDB: Initializing buffer pool, size = 128.0M
2018-01-31 15:34:27 6712 [Note] InnoDB: Completed initialization of buffer pool
2018-01-31 15:34:27 6712 [Note] InnoDB: Highest supported file format is Barracuda.
2018-01-31 15:34:27 6712 [Note] InnoDB: The log sequence numbers 1626134 and 1626134 in ibdata files do not match the log sequence number 1626646 in the ib_logfiles!
2018-01-31 15:34:27 6712 [Note] InnoDB: Database was not shutdown normally!
2018-01-31 15:34:27 6712 [Note] InnoDB: Starting crash recovery.
2018-01-31 15:34:27 6712 [Note] InnoDB: Reading tablespace information from the .ibd files...
2018-01-31 15:34:27 6712 [Note] InnoDB: Restoring possible half-written data pages 
2018-01-31 15:34:27 6712 [Note] InnoDB: from the doublewrite buffer...
2018-01-31 15:34:27 6712 [Note] InnoDB: 128 rollback segment(s) are active.
2018-01-31 15:34:27 6712 [Note] InnoDB: Waiting for purge to start
2018-01-31 15:34:27 6712 [Note] InnoDB: 5.6.13 started; log sequence number 1626646
2018-01-31 15:34:27 6712 [Note] Server hostname (bind-address): '*'; port: 3306
2018-01-31 15:34:27 6712 [Note] IPv6 is available.
2018-01-31 15:34:27 6712 [Note]   - '::' resolves to '::';
2018-01-31 15:34:27 6712 [Note] Server socket created on IP: '::'.
2018-01-31 15:34:27 6712 [ERROR] Can't start server: Bind on TCP/IP port: No such file or directory
2018-01-31 15:34:27 6712 [ERROR] Do you already have another mysqld server running on port: 3306 ?
2018-01-31 15:34:27 6712 [ERROR] Aborting

2018-01-31 15:34:27 6712 [Note] Binlog end
2018-01-31 15:34:27 6712 [Note] Shutting down plugin 'partition'
2018-01-31 15:34:27 6712 [Note] Shutting down plugin 'PERFORMANCE_SCHEMA'
2018-01-31 15:34:27 6712 [Note] Shutting down plugin 'INNODB_SYS_DATAFILES'
2018-01-31 15:34:27 6712 [Note] Shutting down plugin 'INNODB_SYS_TABLESPACES'
2018-01-31 15:34:27 6712 [Note] Shutting down plugin 'INNODB_SYS_FOREIGN_COLS'
2018-01-31 15:34:27 6712 [Note] Shutting down plugin 'INNODB_SYS_FOREIGN'
2018-01-31 15:34:27 6712 [Note] Shutting down plugin 'INNODB_SYS_FIELDS'
2018-01-31 15:34:27 6712 [Note] Shutting down plugin 'INNODB_SYS_COLUMNS'
2018-01-31 15:34:27 6712 [Note] Shutting down plugin 'INNODB_SYS_INDEXES'
2018-01-31 15:34:27 6712 [Note] Shutting down plugin 'INNODB_SYS_TABLESTATS'
2018-01-31 15:34:27 6712 [Note] Shutting down plugin 'INNODB_SYS_TABLES'
2018-01-31 15:34:27 6712 [Note] Shutting down plugin 'INNODB_FT_INDEX_TABLE'
2018-01-31 15:34:27 6712 [Note] Shutting down plugin 'INNODB_FT_INDEX_CACHE'
2018-01-31 15:34:27 6712 [Note] Shutting down plugin 'INNODB_FT_CONFIG'
2018-01-31 15:34:27 6712 [Note] Shutting down plugin 'INNODB_FT_BEING_DELETED'
2018-01-31 15:34:27 6712 [Note] Shutting down plugin 'INNODB_FT_DELETED'
2018-01-31 15:34:27 6712 [Note] Shutting down plugin 'INNODB_FT_DEFAULT_STOPWORD'
2018-01-31 15:34:27 6712 [Note] Shutting down plugin 'INNODB_METRICS'
2018-01-31 15:34:27 6712 [Note] Shutting down plugin 'INNODB_BUFFER_POOL_STATS'
2018-01-31 15:34:27 6712 [Note] Shutting down plugin 'INNODB_BUFFER_PAGE_LRU'
2018-01-31 15:34:27 6712 [Note] Shutting down plugin 'INNODB_BUFFER_PAGE'
2018-01-31 15:34:27 6712 [Note] Shutting down plugin 'INNODB_CMP_PER_INDEX_RESET'
2018-01-31 15:34:27 6712 [Note] Shutting down plugin 'INNODB_CMP_PER_INDEX'
2018-01-31 15:34:27 6712 [Note] Shutting down plugin 'INNODB_CMPMEM_RESET'
2018-01-31 15:34:27 6712 [Note] Shutting down plugin 'INNODB_CMPMEM'
2018-01-31 15:34:27 6712 [Note] Shutting down plugin 'INNODB_CMP_RESET'
2018-01-31 15:34:27 6712 [Note] Shutting down plugin 'INNODB_CMP'
2018-01-31 15:34:27 6712 [Note] Shutting down plugin 'INNODB_LOCK_WAITS'
2018-01-31 15:34:27 6712 [Note] Shutting down plugin 'INNODB_LOCKS'
2018-01-31 15:34:27 6712 [Note] Shutting down plugin 'INNODB_TRX'
2018-01-31 15:34:27 6712 [Note] Shutting down plugin 'InnoDB'
2018-01-31 15:34:27 6712 [Note] InnoDB: FTS optimize thread exiting.
2018-01-31 15:34:27 6712 [Note] InnoDB: Starting shutdown...
2018-01-31 15:34:29 6712 [Note] InnoDB: Shutdown completed; log sequence number 1626656
2018-01-31 15:34:29 6712 [Note] Shutting down plugin 'BLACKHOLE'
2018-01-31 15:34:29 6712 [Note] Shutting down plugin 'ARCHIVE'
2018-01-31 15:34:29 6712 [Note] Shutting down plugin 'MRG_MYISAM'
2018-01-31 15:34:29 6712 [Note] Shutting down plugin 'MyISAM'
2018-01-31 15:34:29 6712 [Note] Shutting down plugin 'MEMORY'
2018-01-31 15:34:29 6712 [Note] Shutting down plugin 'CSV'
2018-01-31 15:34:29 6712 [Note] Shutting down plugin 'sha256_password'
2018-01-31 15:34:29 6712 [Note] Shutting down plugin 'mysql_old_password'
2018-01-31 15:34:29 6712 [Note] Shutting down plugin 'mysql_native_password'
2018-01-31 15:34:29 6712 [Note] Shutting down plugin 'binlog'
2018-01-31 15:34:29 6712 [Note] C:\Users\ITE152A-13\Desktop\wordpressing\USBWebserver v8.6/mysql/bin/mysqld_usbwv8.exe: Shutdown complete

2018-01-31 15:34:33 6876 [Note] Plugin 'FEDERATED' is disabled.
2018-01-31 15:34:33 6876 [Note] InnoDB: The InnoDB memory heap is disabled
2018-01-31 15:34:33 6876 [Note] InnoDB: Mutexes and rw_locks use Windows interlocked functions
2018-01-31 15:34:33 6876 [Note] InnoDB: Compressed tables use zlib 1.2.3
2018-01-31 15:34:33 6876 [Note] InnoDB: Not using CPU crc32 instructions
2018-01-31 15:34:33 6876 [Note] InnoDB: Initializing buffer pool, size = 128.0M
2018-01-31 15:34:33 6876 [Note] InnoDB: Completed initialization of buffer pool
2018-01-31 15:34:33 6876 [Note] InnoDB: Highest supported file format is Barracuda.
2018-01-31 15:34:33 6876 [Note] InnoDB: 128 rollback segment(s) are active.
2018-01-31 15:34:33 6876 [Note] InnoDB: Waiting for purge to start
2018-01-31 15:34:33 6876 [Note] InnoDB: 5.6.13 started; log sequence number 1626656
2018-01-31 15:34:33 6876 [Note] Server hostname (bind-address): '*'; port: 3306
2018-01-31 15:34:33 6876 [Note] IPv6 is available.
2018-01-31 15:34:33 6876 [Note]   - '::' resolves to '::';
2018-01-31 15:34:33 6876 [Note] Server socket created on IP: '::'.
2018-01-31 15:34:33 6876 [ERROR] Can't start server: Bind on TCP/IP port: No such file or directory
2018-01-31 15:34:33 6876 [ERROR] Do you already have another mysqld server running on port: 3306 ?
2018-01-31 15:34:33 6876 [ERROR] Aborting

2018-01-31 15:34:33 6876 [Note] Binlog end
2018-01-31 15:34:33 6876 [Note] Shutting down plugin 'partition'
2018-01-31 15:34:33 6876 [Note] Shutting down plugin 'PERFORMANCE_SCHEMA'
2018-01-31 15:34:33 6876 [Note] Shutting down plugin 'INNODB_SYS_DATAFILES'
2018-01-31 15:34:33 6876 [Note] Shutting down plugin 'INNODB_SYS_TABLESPACES'
2018-01-31 15:34:33 6876 [Note] Shutting down plugin 'INNODB_SYS_FOREIGN_COLS'
2018-01-31 15:34:33 6876 [Note] Shutting down plugin 'INNODB_SYS_FOREIGN'
2018-01-31 15:34:33 6876 [Note] Shutting down plugin 'INNODB_SYS_FIELDS'
2018-01-31 15:34:33 6876 [Note] Shutting down plugin 'INNODB_SYS_COLUMNS'
2018-01-31 15:34:33 6876 [Note] Shutting down plugin 'INNODB_SYS_INDEXES'
2018-01-31 15:34:33 6876 [Note] Shutting down plugin 'INNODB_SYS_TABLESTATS'
2018-01-31 15:34:33 6876 [Note] Shutting down plugin 'INNODB_SYS_TABLES'
2018-01-31 15:34:33 6876 [Note] Shutting down plugin 'INNODB_FT_INDEX_TABLE'
2018-01-31 15:34:33 6876 [Note] Shutting down plugin 'INNODB_FT_INDEX_CACHE'
2018-01-31 15:34:33 6876 [Note] Shutting down plugin 'INNODB_FT_CONFIG'
2018-01-31 15:34:33 6876 [Note] Shutting down plugin 'INNODB_FT_BEING_DELETED'
2018-01-31 15:34:33 6876 [Note] Shutting down plugin 'INNODB_FT_DELETED'
2018-01-31 15:34:33 6876 [Note] Shutting down plugin 'INNODB_FT_DEFAULT_STOPWORD'
2018-01-31 15:34:33 6876 [Note] Shutting down plugin 'INNODB_METRICS'
2018-01-31 15:34:33 6876 [Note] Shutting down plugin 'INNODB_BUFFER_POOL_STATS'
2018-01-31 15:34:33 6876 [Note] Shutting down plugin 'INNODB_BUFFER_PAGE_LRU'
2018-01-31 15:34:33 6876 [Note] Shutting down plugin 'INNODB_BUFFER_PAGE'
2018-01-31 15:34:33 6876 [Note] Shutting down plugin 'INNODB_CMP_PER_INDEX_RESET'
2018-01-31 15:34:33 6876 [Note] Shutting down plugin 'INNODB_CMP_PER_INDEX'
2018-01-31 15:34:33 6876 [Note] Shutting down plugin 'INNODB_CMPMEM_RESET'
2018-01-31 15:34:33 6876 [Note] Shutting down plugin 'INNODB_CMPMEM'
2018-01-31 15:34:33 6876 [Note] Shutting down plugin 'INNODB_CMP_RESET'
2018-01-31 15:34:33 6876 [Note] Shutting down plugin 'INNODB_CMP'
2018-01-31 15:34:33 6876 [Note] Shutting down plugin 'INNODB_LOCK_WAITS'
2018-01-31 15:34:33 6876 [Note] Shutting down plugin 'INNODB_LOCKS'
2018-01-31 15:34:33 6876 [Note] Shutting down plugin 'INNODB_TRX'
2018-01-31 15:34:33 6876 [Note] Shutting down plugin 'InnoDB'
2018-01-31 15:34:33 6876 [Note] InnoDB: FTS optimize thread exiting.
2018-01-31 15:34:33 6876 [Note] InnoDB: Starting shutdown...
2018-01-31 15:34:35 6876 [Note] InnoDB: Shutdown completed; log sequence number 1626666
2018-01-31 15:34:35 6876 [Note] Shutting down plugin 'BLACKHOLE'
2018-01-31 15:34:35 6876 [Note] Shutting down plugin 'ARCHIVE'
2018-01-31 15:34:35 6876 [Note] Shutting down plugin 'MRG_MYISAM'
2018-01-31 15:34:35 6876 [Note] Shutting down plugin 'MyISAM'
2018-01-31 15:34:35 6876 [Note] Shutting down plugin 'MEMORY'
2018-01-31 15:34:35 6876 [Note] Shutting down plugin 'CSV'
2018-01-31 15:34:35 6876 [Note] Shutting down plugin 'sha256_password'
2018-01-31 15:34:35 6876 [Note] Shutting down plugin 'mysql_old_password'
2018-01-31 15:34:35 6876 [Note] Shutting down plugin 'mysql_native_password'
2018-01-31 15:34:35 6876 [Note] Shutting down plugin 'binlog'
2018-01-31 15:34:35 6876 [Note] C:\Users\ITE152A-13\Desktop\wordpressing\USBWebserver v8.6/mysql/bin/mysqld_usbwv8.exe: Shutdown complete

2018-01-31 15:35:02 6576 [Note] Plugin 'FEDERATED' is disabled.
2018-01-31 15:35:02 6576 [Note] InnoDB: The InnoDB memory heap is disabled
2018-01-31 15:35:02 6576 [Note] InnoDB: Mutexes and rw_locks use Windows interlocked functions
2018-01-31 15:35:02 6576 [Note] InnoDB: Compressed tables use zlib 1.2.3
2018-01-31 15:35:02 6576 [Note] InnoDB: Not using CPU crc32 instructions
2018-01-31 15:35:02 6576 [Note] InnoDB: Initializing buffer pool, size = 128.0M
2018-01-31 15:35:02 6576 [Note] InnoDB: Completed initialization of buffer pool
2018-01-31 15:35:02 6576 [Note] InnoDB: Highest supported file format is Barracuda.
2018-01-31 15:35:03 6576 [Note] InnoDB: 128 rollback segment(s) are active.
2018-01-31 15:35:03 6576 [Note] InnoDB: Waiting for purge to start
2018-01-31 15:35:03 6576 [Note] InnoDB: 5.6.13 started; log sequence number 1626666
2018-01-31 15:35:03 6576 [Note] Server hostname (bind-address): '*'; port: 3306
2018-01-31 15:35:03 6576 [Note] IPv6 is available.
2018-01-31 15:35:03 6576 [Note]   - '::' resolves to '::';
2018-01-31 15:35:03 6576 [Note] Server socket created on IP: '::'.
2018-01-31 15:35:03 6576 [ERROR] Can't start server: Bind on TCP/IP port: No such file or directory
2018-01-31 15:35:03 6576 [ERROR] Do you already have another mysqld server running on port: 3306 ?
2018-01-31 15:35:03 6576 [ERROR] Aborting

2018-01-31 15:35:03 6576 [Note] Binlog end
2018-01-31 15:35:03 6576 [Note] Shutting down plugin 'partition'
2018-01-31 15:35:03 6576 [Note] Shutting down plugin 'PERFORMANCE_SCHEMA'
2018-01-31 15:35:03 6576 [Note] Shutting down plugin 'INNODB_SYS_DATAFILES'
2018-01-31 15:35:03 6576 [Note] Shutting down plugin 'INNODB_SYS_TABLESPACES'
2018-01-31 15:35:03 6576 [Note] Shutting down plugin 'INNODB_SYS_FOREIGN_COLS'
2018-01-31 15:35:03 6576 [Note] Shutting down plugin 'INNODB_SYS_FOREIGN'
2018-01-31 15:35:03 6576 [Note] Shutting down plugin 'INNODB_SYS_FIELDS'
2018-01-31 15:35:03 6576 [Note] Shutting down plugin 'INNODB_SYS_COLUMNS'
2018-01-31 15:35:03 6576 [Note] Shutting down plugin 'INNODB_SYS_INDEXES'
2018-01-31 15:35:03 6576 [Note] Shutting down plugin 'INNODB_SYS_TABLESTATS'
2018-01-31 15:35:03 6576 [Note] Shutting down plugin 'INNODB_SYS_TABLES'
2018-01-31 15:35:03 6576 [Note] Shutting down plugin 'INNODB_FT_INDEX_TABLE'
2018-01-31 15:35:03 6576 [Note] Shutting down plugin 'INNODB_FT_INDEX_CACHE'
2018-01-31 15:35:03 6576 [Note] Shutting down plugin 'INNODB_FT_CONFIG'
2018-01-31 15:35:03 6576 [Note] Shutting down plugin 'INNODB_FT_BEING_DELETED'
2018-01-31 15:35:03 6576 [Note] Shutting down plugin 'INNODB_FT_DELETED'
2018-01-31 15:35:03 6576 [Note] Shutting down plugin 'INNODB_FT_DEFAULT_STOPWORD'
2018-01-31 15:35:03 6576 [Note] Shutting down plugin 'INNODB_METRICS'
2018-01-31 15:35:03 6576 [Note] Shutting down plugin 'INNODB_BUFFER_POOL_STATS'
2018-01-31 15:35:03 6576 [Note] Shutting down plugin 'INNODB_BUFFER_PAGE_LRU'
2018-01-31 15:35:03 6576 [Note] Shutting down plugin 'INNODB_BUFFER_PAGE'
2018-01-31 15:35:03 6576 [Note] Shutting down plugin 'INNODB_CMP_PER_INDEX_RESET'
2018-01-31 15:35:03 6576 [Note] Shutting down plugin 'INNODB_CMP_PER_INDEX'
2018-01-31 15:35:03 6576 [Note] Shutting down plugin 'INNODB_CMPMEM_RESET'
2018-01-31 15:35:03 6576 [Note] Shutting down plugin 'INNODB_CMPMEM'
2018-01-31 15:35:03 6576 [Note] Shutting down plugin 'INNODB_CMP_RESET'
2018-01-31 15:35:03 6576 [Note] Shutting down plugin 'INNODB_CMP'
2018-01-31 15:35:03 6576 [Note] Shutting down plugin 'INNODB_LOCK_WAITS'
2018-01-31 15:35:03 6576 [Note] Shutting down plugin 'INNODB_LOCKS'
2018-01-31 15:35:03 6576 [Note] Shutting down plugin 'INNODB_TRX'
2018-01-31 15:35:03 6576 [Note] Shutting down plugin 'InnoDB'
2018-01-31 15:35:03 6576 [Note] InnoDB: FTS optimize thread exiting.
2018-01-31 15:35:03 6576 [Note] InnoDB: Starting shutdown...
2018-01-31 15:35:04 6576 [Note] InnoDB: Shutdown completed; log sequence number 1626676
2018-01-31 15:35:04 6576 [Note] Shutting down plugin 'BLACKHOLE'
2018-01-31 15:35:04 6576 [Note] Shutting down plugin 'ARCHIVE'
2018-01-31 15:35:04 6576 [Note] Shutting down plugin 'MRG_MYISAM'
2018-01-31 15:35:04 6576 [Note] Shutting down plugin 'MyISAM'
2018-01-31 15:35:04 6576 [Note] Shutting down plugin 'MEMORY'
2018-01-31 15:35:04 6576 [Note] Shutting down plugin 'CSV'
2018-01-31 15:35:04 6576 [Note] Shutting down plugin 'sha256_password'
2018-01-31 15:35:04 6576 [Note] Shutting down plugin 'mysql_old_password'
2018-01-31 15:35:04 6576 [Note] Shutting down plugin 'mysql_native_password'
2018-01-31 15:35:04 6576 [Note] Shutting down plugin 'binlog'
2018-01-31 15:35:04 6576 [Note] C:\Users\ITE152A-13\Desktop\wordpressing\USBWebserver v8.6/mysql/bin/mysqld_usbwv8.exe: Shutdown complete

2018-01-31 15:35:14 6684 [Note] Plugin 'FEDERATED' is disabled.
2018-01-31 15:35:14 6684 [Note] InnoDB: The InnoDB memory heap is disabled
2018-01-31 15:35:14 6684 [Note] InnoDB: Mutexes and rw_locks use Windows interlocked functions
2018-01-31 15:35:14 6684 [Note] InnoDB: Compressed tables use zlib 1.2.3
2018-01-31 15:35:14 6684 [Note] InnoDB: Not using CPU crc32 instructions
2018-01-31 15:35:14 6684 [Note] InnoDB: Initializing buffer pool, size = 128.0M
2018-01-31 15:35:14 6684 [Note] InnoDB: Completed initialization of buffer pool
2018-01-31 15:35:15 6684 [Note] InnoDB: Highest supported file format is Barracuda.
2018-01-31 15:35:15 6684 [Note] InnoDB: 128 rollback segment(s) are active.
2018-01-31 15:35:15 6684 [Note] InnoDB: Waiting for purge to start
2018-01-31 15:35:15 6684 [Note] InnoDB: 5.6.13 started; log sequence number 1626676
2018-01-31 15:35:15 6684 [Note] Server hostname (bind-address): '*'; port: 3306
2018-01-31 15:35:15 6684 [Note] IPv6 is available.
2018-01-31 15:35:15 6684 [Note]   - '::' resolves to '::';
2018-01-31 15:35:15 6684 [Note] Server socket created on IP: '::'.
2018-01-31 15:35:15 6684 [ERROR] Can't start server: Bind on TCP/IP port: No such file or directory
2018-01-31 15:35:15 6684 [ERROR] Do you already have another mysqld server running on port: 3306 ?
2018-01-31 15:35:15 6684 [ERROR] Aborting

2018-01-31 15:35:15 6684 [Note] Binlog end
2018-01-31 15:35:15 6684 [Note] Shutting down plugin 'partition'
2018-01-31 15:35:15 6684 [Note] Shutting down plugin 'PERFORMANCE_SCHEMA'
2018-01-31 15:35:15 6684 [Note] Shutting down plugin 'INNODB_SYS_DATAFILES'
2018-01-31 15:35:15 6684 [Note] Shutting down plugin 'INNODB_SYS_TABLESPACES'
2018-01-31 15:35:15 6684 [Note] Shutting down plugin 'INNODB_SYS_FOREIGN_COLS'
2018-01-31 15:35:15 6684 [Note] Shutting down plugin 'INNODB_SYS_FOREIGN'
2018-01-31 15:35:15 6684 [Note] Shutting down plugin 'INNODB_SYS_FIELDS'
2018-01-31 15:35:15 6684 [Note] Shutting down plugin 'INNODB_SYS_COLUMNS'
2018-01-31 15:35:15 6684 [Note] Shutting down plugin 'INNODB_SYS_INDEXES'
2018-01-31 15:35:15 6684 [Note] Shutting down plugin 'INNODB_SYS_TABLESTATS'
2018-01-31 15:35:15 6684 [Note] Shutting down plugin 'INNODB_SYS_TABLES'
2018-01-31 15:35:15 6684 [Note] Shutting down plugin 'INNODB_FT_INDEX_TABLE'
2018-01-31 15:35:15 6684 [Note] Shutting down plugin 'INNODB_FT_INDEX_CACHE'
2018-01-31 15:35:15 6684 [Note] Shutting down plugin 'INNODB_FT_CONFIG'
2018-01-31 15:35:15 6684 [Note] Shutting down plugin 'INNODB_FT_BEING_DELETED'
2018-01-31 15:35:15 6684 [Note] Shutting down plugin 'INNODB_FT_DELETED'
2018-01-31 15:35:15 6684 [Note] Shutting down plugin 'INNODB_FT_DEFAULT_STOPWORD'
2018-01-31 15:35:15 6684 [Note] Shutting down plugin 'INNODB_METRICS'
2018-01-31 15:35:15 6684 [Note] Shutting down plugin 'INNODB_BUFFER_POOL_STATS'
2018-01-31 15:35:15 6684 [Note] Shutting down plugin 'INNODB_BUFFER_PAGE_LRU'
2018-01-31 15:35:15 6684 [Note] Shutting down plugin 'INNODB_BUFFER_PAGE'
2018-01-31 15:35:15 6684 [Note] Shutting down plugin 'INNODB_CMP_PER_INDEX_RESET'
2018-01-31 15:35:15 6684 [Note] Shutting down plugin 'INNODB_CMP_PER_INDEX'
2018-01-31 15:35:15 6684 [Note] Shutting down plugin 'INNODB_CMPMEM_RESET'
2018-01-31 15:35:15 6684 [Note] Shutting down plugin 'INNODB_CMPMEM'
2018-01-31 15:35:15 6684 [Note] Shutting down plugin 'INNODB_CMP_RESET'
2018-01-31 15:35:15 6684 [Note] Shutting down plugin 'INNODB_CMP'
2018-01-31 15:35:15 6684 [Note] Shutting down plugin 'INNODB_LOCK_WAITS'
2018-01-31 15:35:15 6684 [Note] Shutting down plugin 'INNODB_LOCKS'
2018-01-31 15:35:15 6684 [Note] Shutting down plugin 'INNODB_TRX'
2018-01-31 15:35:15 6684 [Note] Shutting down plugin 'InnoDB'
2018-01-31 15:35:15 6684 [Note] InnoDB: FTS optimize thread exiting.
2018-01-31 15:35:15 6684 [Note] InnoDB: Starting shutdown...
2018-01-31 15:35:16 6684 [Note] InnoDB: Shutdown completed; log sequence number 1626686
2018-01-31 15:35:16 6684 [Note] Shutting down plugin 'BLACKHOLE'
2018-01-31 15:35:16 6684 [Note] Shutting down plugin 'ARCHIVE'
2018-01-31 15:35:16 6684 [Note] Shutting down plugin 'MRG_MYISAM'
2018-01-31 15:35:16 6684 [Note] Shutting down plugin 'MyISAM'
2018-01-31 15:35:16 6684 [Note] Shutting down plugin 'MEMORY'
2018-01-31 15:35:16 6684 [Note] Shutting down plugin 'CSV'
2018-01-31 15:35:16 6684 [Note] Shutting down plugin 'sha256_password'
2018-01-31 15:35:16 6684 [Note] Shutting down plugin 'mysql_old_password'
2018-01-31 15:35:16 6684 [Note] Shutting down plugin 'mysql_native_password'
2018-01-31 15:35:16 6684 [Note] Shutting down plugin 'binlog'
2018-01-31 15:35:16 6684 [Note] C:\Users\ITE152A-13\Desktop\wordpressing\USBWebserver v8.6/mysql/bin/mysqld_usbwv8.exe: Shutdown complete

2018-01-31 15:35:22 5172 [Note] Plugin 'FEDERATED' is disabled.
2018-01-31 15:35:22 5172 [Note] InnoDB: The InnoDB memory heap is disabled
2018-01-31 15:35:22 5172 [Note] InnoDB: Mutexes and rw_locks use Windows interlocked functions
2018-01-31 15:35:22 5172 [Note] InnoDB: Compressed tables use zlib 1.2.3
2018-01-31 15:35:22 5172 [Note] InnoDB: Not using CPU crc32 instructions
2018-01-31 15:35:22 5172 [Note] InnoDB: Initializing buffer pool, size = 128.0M
2018-01-31 15:35:22 5172 [Note] InnoDB: Completed initialization of buffer pool
2018-01-31 15:35:22 5172 [Note] InnoDB: Highest supported file format is Barracuda.
2018-01-31 15:35:22 5172 [Note] InnoDB: 128 rollback segment(s) are active.
2018-01-31 15:35:22 5172 [Note] InnoDB: Waiting for purge to start
2018-01-31 15:35:22 5172 [Note] InnoDB: 5.6.13 started; log sequence number 1626686
2018-01-31 15:35:22 5172 [Note] Server hostname (bind-address): '*'; port: 3306
2018-01-31 15:35:22 5172 [Note] IPv6 is available.
2018-01-31 15:35:22 5172 [Note]   - '::' resolves to '::';
2018-01-31 15:35:22 5172 [Note] Server socket created on IP: '::'.
2018-01-31 15:35:22 5172 [ERROR] Can't start server: Bind on TCP/IP port: No such file or directory
2018-01-31 15:35:22 5172 [ERROR] Do you already have another mysqld server running on port: 3306 ?
2018-01-31 15:35:22 5172 [ERROR] Aborting

2018-01-31 15:35:22 5172 [Note] Binlog end
2018-01-31 15:35:22 5172 [Note] Shutting down plugin 'partition'
2018-01-31 15:35:22 5172 [Note] Shutting down plugin 'PERFORMANCE_SCHEMA'
2018-01-31 15:35:22 5172 [Note] Shutting down plugin 'INNODB_SYS_DATAFILES'
2018-01-31 15:35:22 5172 [Note] Shutting down plugin 'INNODB_SYS_TABLESPACES'
2018-01-31 15:35:22 5172 [Note] Shutting down plugin 'INNODB_SYS_FOREIGN_COLS'
2018-01-31 15:35:22 5172 [Note] Shutting down plugin 'INNODB_SYS_FOREIGN'
2018-01-31 15:35:22 5172 [Note] Shutting down plugin 'INNODB_SYS_FIELDS'
2018-01-31 15:35:22 5172 [Note] Shutting down plugin 'INNODB_SYS_COLUMNS'
2018-01-31 15:35:22 5172 [Note] Shutting down plugin 'INNODB_SYS_INDEXES'
2018-01-31 15:35:22 5172 [Note] Shutting down plugin 'INNODB_SYS_TABLESTATS'
2018-01-31 15:35:22 5172 [Note] Shutting down plugin 'INNODB_SYS_TABLES'
2018-01-31 15:35:22 5172 [Note] Shutting down plugin 'INNODB_FT_INDEX_TABLE'
2018-01-31 15:35:22 5172 [Note] Shutting down plugin 'INNODB_FT_INDEX_CACHE'
2018-01-31 15:35:22 5172 [Note] Shutting down plugin 'INNODB_FT_CONFIG'
2018-01-31 15:35:22 5172 [Note] Shutting down plugin 'INNODB_FT_BEING_DELETED'
2018-01-31 15:35:22 5172 [Note] Shutting down plugin 'INNODB_FT_DELETED'
2018-01-31 15:35:22 5172 [Note] Shutting down plugin 'INNODB_FT_DEFAULT_STOPWORD'
2018-01-31 15:35:22 5172 [Note] Shutting down plugin 'INNODB_METRICS'
2018-01-31 15:35:22 5172 [Note] Shutting down plugin 'INNODB_BUFFER_POOL_STATS'
2018-01-31 15:35:22 5172 [Note] Shutting down plugin 'INNODB_BUFFER_PAGE_LRU'
2018-01-31 15:35:22 5172 [Note] Shutting down plugin 'INNODB_BUFFER_PAGE'
2018-01-31 15:35:22 5172 [Note] Shutting down plugin 'INNODB_CMP_PER_INDEX_RESET'
2018-01-31 15:35:22 5172 [Note] Shutting down plugin 'INNODB_CMP_PER_INDEX'
2018-01-31 15:35:22 5172 [Note] Shutting down plugin 'INNODB_CMPMEM_RESET'
2018-01-31 15:35:22 5172 [Note] Shutting down plugin 'INNODB_CMPMEM'
2018-01-31 15:35:22 5172 [Note] Shutting down plugin 'INNODB_CMP_RESET'
2018-01-31 15:35:22 5172 [Note] Shutting down plugin 'INNODB_CMP'
2018-01-31 15:35:22 5172 [Note] Shutting down plugin 'INNODB_LOCK_WAITS'
2018-01-31 15:35:22 5172 [Note] Shutting down plugin 'INNODB_LOCKS'
2018-01-31 15:35:22 5172 [Note] Shutting down plugin 'INNODB_TRX'
2018-01-31 15:35:22 5172 [Note] Shutting down plugin 'InnoDB'
2018-01-31 15:35:22 5172 [Note] InnoDB: FTS optimize thread exiting.
2018-01-31 15:35:22 5172 [Note] InnoDB: Starting shutdown...
2018-01-31 15:35:23 5172 [Note] InnoDB: Shutdown completed; log sequence number 1626696
2018-01-31 15:35:23 5172 [Note] Shutting down plugin 'BLACKHOLE'
2018-01-31 15:35:23 5172 [Note] Shutting down plugin 'ARCHIVE'
2018-01-31 15:35:23 5172 [Note] Shutting down plugin 'MRG_MYISAM'
2018-01-31 15:35:23 5172 [Note] Shutting down plugin 'MyISAM'
2018-01-31 15:35:23 5172 [Note] Shutting down plugin 'MEMORY'
2018-01-31 15:35:23 5172 [Note] Shutting down plugin 'CSV'
2018-01-31 15:35:23 5172 [Note] Shutting down plugin 'sha256_password'
2018-01-31 15:35:23 5172 [Note] Shutting down plugin 'mysql_old_password'
2018-01-31 15:35:23 5172 [Note] Shutting down plugin 'mysql_native_password'
2018-01-31 15:35:23 5172 [Note] Shutting down plugin 'binlog'
2018-01-31 15:35:23 5172 [Note] C:\Users\ITE152A-13\Desktop\wordpressing\USBWebserver v8.6/mysql/bin/mysqld_usbwv8.exe: Shutdown complete

2018-01-31 15:35:51 1604 [Note] Plugin 'FEDERATED' is disabled.
2018-01-31 15:35:51 1604 [Note] InnoDB: The InnoDB memory heap is disabled
2018-01-31 15:35:51 1604 [Note] InnoDB: Mutexes and rw_locks use Windows interlocked functions
2018-01-31 15:35:51 1604 [Note] InnoDB: Compressed tables use zlib 1.2.3
2018-01-31 15:35:51 1604 [Note] InnoDB: Not using CPU crc32 instructions
2018-01-31 15:35:51 1604 [Note] InnoDB: Initializing buffer pool, size = 128.0M
2018-01-31 15:35:51 1604 [Note] InnoDB: Completed initialization of buffer pool
2018-01-31 15:35:51 1604 [Note] InnoDB: Highest supported file format is Barracuda.
2018-01-31 15:35:51 1604 [Note] InnoDB: 128 rollback segment(s) are active.
2018-01-31 15:35:51 1604 [Note] InnoDB: Waiting for purge to start
2018-01-31 15:35:51 1604 [Note] InnoDB: 5.6.13 started; log sequence number 1626696
2018-01-31 15:35:51 1604 [Note] Server hostname (bind-address): '*'; port: 3306
2018-01-31 15:35:51 1604 [Note] IPv6 is available.
2018-01-31 15:35:51 1604 [Note]   - '::' resolves to '::';
2018-01-31 15:35:51 1604 [Note] Server socket created on IP: '::'.
2018-01-31 15:35:51 1604 [ERROR] Can't start server: Bind on TCP/IP port: No such file or directory
2018-01-31 15:35:51 1604 [ERROR] Do you already have another mysqld server running on port: 3306 ?
2018-01-31 15:35:51 1604 [ERROR] Aborting

2018-01-31 15:35:51 1604 [Note] Binlog end
2018-01-31 15:35:51 1604 [Note] Shutting down plugin 'partition'
2018-01-31 15:35:51 1604 [Note] Shutting down plugin 'PERFORMANCE_SCHEMA'
2018-01-31 15:35:51 1604 [Note] Shutting down plugin 'INNODB_SYS_DATAFILES'
2018-01-31 15:35:51 1604 [Note] Shutting down plugin 'INNODB_SYS_TABLESPACES'
2018-01-31 15:35:51 1604 [Note] Shutting down plugin 'INNODB_SYS_FOREIGN_COLS'
2018-01-31 15:35:51 1604 [Note] Shutting down plugin 'INNODB_SYS_FOREIGN'
2018-01-31 15:35:51 1604 [Note] Shutting down plugin 'INNODB_SYS_FIELDS'
2018-01-31 15:35:51 1604 [Note] Shutting down plugin 'INNODB_SYS_COLUMNS'
2018-01-31 15:35:51 1604 [Note] Shutting down plugin 'INNODB_SYS_INDEXES'
2018-01-31 15:35:51 1604 [Note] Shutting down plugin 'INNODB_SYS_TABLESTATS'
2018-01-31 15:35:51 1604 [Note] Shutting down plugin 'INNODB_SYS_TABLES'
2018-01-31 15:35:51 1604 [Note] Shutting down plugin 'INNODB_FT_INDEX_TABLE'
2018-01-31 15:35:51 1604 [Note] Shutting down plugin 'INNODB_FT_INDEX_CACHE'
2018-01-31 15:35:51 1604 [Note] Shutting down plugin 'INNODB_FT_CONFIG'
2018-01-31 15:35:51 1604 [Note] Shutting down plugin 'INNODB_FT_BEING_DELETED'
2018-01-31 15:35:51 1604 [Note] Shutting down plugin 'INNODB_FT_DELETED'
2018-01-31 15:35:51 1604 [Note] Shutting down plugin 'INNODB_FT_DEFAULT_STOPWORD'
2018-01-31 15:35:51 1604 [Note] Shutting down plugin 'INNODB_METRICS'
2018-01-31 15:35:51 1604 [Note] Shutting down plugin 'INNODB_BUFFER_POOL_STATS'
2018-01-31 15:35:51 1604 [Note] Shutting down plugin 'INNODB_BUFFER_PAGE_LRU'
2018-01-31 15:35:51 1604 [Note] Shutting down plugin 'INNODB_BUFFER_PAGE'
2018-01-31 15:35:51 1604 [Note] Shutting down plugin 'INNODB_CMP_PER_INDEX_RESET'
2018-01-31 15:35:51 1604 [Note] Shutting down plugin 'INNODB_CMP_PER_INDEX'
2018-01-31 15:35:51 1604 [Note] Shutting down plugin 'INNODB_CMPMEM_RESET'
2018-01-31 15:35:51 1604 [Note] Shutting down plugin 'INNODB_CMPMEM'
2018-01-31 15:35:51 1604 [Note] Shutting down plugin 'INNODB_CMP_RESET'
2018-01-31 15:35:51 1604 [Note] Shutting down plugin 'INNODB_CMP'
2018-01-31 15:35:51 1604 [Note] Shutting down plugin 'INNODB_LOCK_WAITS'
2018-01-31 15:35:51 1604 [Note] Shutting down plugin 'INNODB_LOCKS'
2018-01-31 15:35:51 1604 [Note] Shutting down plugin 'INNODB_TRX'
2018-01-31 15:35:51 1604 [Note] Shutting down plugin 'InnoDB'
2018-01-31 15:35:51 1604 [Note] InnoDB: FTS optimize thread exiting.
2018-01-31 15:35:51 1604 [Note] InnoDB: Starting shutdown...
2018-01-31 15:35:53 1604 [Note] InnoDB: Shutdown completed; log sequence number 1626706
2018-01-31 15:35:53 1604 [Note] Shutting down plugin 'BLACKHOLE'
2018-01-31 15:35:53 1604 [Note] Shutting down plugin 'ARCHIVE'
2018-01-31 15:35:53 1604 [Note] Shutting down plugin 'MRG_MYISAM'
2018-01-31 15:35:53 1604 [Note] Shutting down plugin 'MyISAM'
2018-01-31 15:35:53 1604 [Note] Shutting down plugin 'MEMORY'
2018-01-31 15:35:53 1604 [Note] Shutting down plugin 'CSV'
2018-01-31 15:35:53 1604 [Note] Shutting down plugin 'sha256_password'
2018-01-31 15:35:53 1604 [Note] Shutting down plugin 'mysql_old_password'
2018-01-31 15:35:53 1604 [Note] Shutting down plugin 'mysql_native_password'
2018-01-31 15:35:53 1604 [Note] Shutting down plugin 'binlog'
2018-01-31 15:35:53 1604 [Note] C:\Users\ITE152A-13\Desktop\wordpressing\USBWebserver v8.6/mysql/bin/mysqld_usbwv8.exe: Shutdown complete

2018-01-31 15:35:59 3792 [Note] Plugin 'FEDERATED' is disabled.
2018-01-31 15:35:59 3792 [Note] InnoDB: The InnoDB memory heap is disabled
2018-01-31 15:35:59 3792 [Note] InnoDB: Mutexes and rw_locks use Windows interlocked functions
2018-01-31 15:35:59 3792 [Note] InnoDB: Compressed tables use zlib 1.2.3
2018-01-31 15:35:59 3792 [Note] InnoDB: Not using CPU crc32 instructions
2018-01-31 15:35:59 3792 [Note] InnoDB: Initializing buffer pool, size = 128.0M
2018-01-31 15:35:59 3792 [Note] InnoDB: Completed initialization of buffer pool
2018-01-31 15:35:59 3792 [Note] InnoDB: Highest supported file format is Barracuda.
2018-01-31 15:35:59 3792 [Note] InnoDB: 128 rollback segment(s) are active.
2018-01-31 15:35:59 3792 [Note] InnoDB: Waiting for purge to start
2018-01-31 15:35:59 3792 [Note] InnoDB: 5.6.13 started; log sequence number 1626706
2018-01-31 15:35:59 3792 [Note] Server hostname (bind-address): '*'; port: 3306
2018-01-31 15:35:59 3792 [Note] IPv6 is available.
2018-01-31 15:35:59 3792 [Note]   - '::' resolves to '::';
2018-01-31 15:35:59 3792 [Note] Server socket created on IP: '::'.
2018-01-31 15:35:59 3792 [ERROR] Can't start server: Bind on TCP/IP port: No such file or directory
2018-01-31 15:35:59 3792 [ERROR] Do you already have another mysqld server running on port: 3306 ?
2018-01-31 15:35:59 3792 [ERROR] Aborting

2018-01-31 15:35:59 3792 [Note] Binlog end
2018-01-31 15:35:59 3792 [Note] Shutting down plugin 'partition'
2018-01-31 15:35:59 3792 [Note] Shutting down plugin 'PERFORMANCE_SCHEMA'
2018-01-31 15:35:59 3792 [Note] Shutting down plugin 'INNODB_SYS_DATAFILES'
2018-01-31 15:35:59 3792 [Note] Shutting down plugin 'INNODB_SYS_TABLESPACES'
2018-01-31 15:35:59 3792 [Note] Shutting down plugin 'INNODB_SYS_FOREIGN_COLS'
2018-01-31 15:35:59 3792 [Note] Shutting down plugin 'INNODB_SYS_FOREIGN'
2018-01-31 15:35:59 3792 [Note] Shutting down plugin 'INNODB_SYS_FIELDS'
2018-01-31 15:35:59 3792 [Note] Shutting down plugin 'INNODB_SYS_COLUMNS'
2018-01-31 15:35:59 3792 [Note] Shutting down plugin 'INNODB_SYS_INDEXES'
2018-01-31 15:35:59 3792 [Note] Shutting down plugin 'INNODB_SYS_TABLESTATS'
2018-01-31 15:35:59 3792 [Note] Shutting down plugin 'INNODB_SYS_TABLES'
2018-01-31 15:35:59 3792 [Note] Shutting down plugin 'INNODB_FT_INDEX_TABLE'
2018-01-31 15:35:59 3792 [Note] Shutting down plugin 'INNODB_FT_INDEX_CACHE'
2018-01-31 15:35:59 3792 [Note] Shutting down plugin 'INNODB_FT_CONFIG'
2018-01-31 15:35:59 3792 [Note] Shutting down plugin 'INNODB_FT_BEING_DELETED'
2018-01-31 15:35:59 3792 [Note] Shutting down plugin 'INNODB_FT_DELETED'
2018-01-31 15:35:59 3792 [Note] Shutting down plugin 'INNODB_FT_DEFAULT_STOPWORD'
2018-01-31 15:35:59 3792 [Note] Shutting down plugin 'INNODB_METRICS'
2018-01-31 15:35:59 3792 [Note] Shutting down plugin 'INNODB_BUFFER_POOL_STATS'
2018-01-31 15:35:59 3792 [Note] Shutting down plugin 'INNODB_BUFFER_PAGE_LRU'
2018-01-31 15:35:59 3792 [Note] Shutting down plugin 'INNODB_BUFFER_PAGE'
2018-01-31 15:35:59 3792 [Note] Shutting down plugin 'INNODB_CMP_PER_INDEX_RESET'
2018-01-31 15:35:59 3792 [Note] Shutting down plugin 'INNODB_CMP_PER_INDEX'
2018-01-31 15:35:59 3792 [Note] Shutting down plugin 'INNODB_CMPMEM_RESET'
2018-01-31 15:35:59 3792 [Note] Shutting down plugin 'INNODB_CMPMEM'
2018-01-31 15:35:59 3792 [Note] Shutting down plugin 'INNODB_CMP_RESET'
2018-01-31 15:35:59 3792 [Note] Shutting down plugin 'INNODB_CMP'
2018-01-31 15:35:59 3792 [Note] Shutting down plugin 'INNODB_LOCK_WAITS'
2018-01-31 15:35:59 3792 [Note] Shutting down plugin 'INNODB_LOCKS'
2018-01-31 15:35:59 3792 [Note] Shutting down plugin 'INNODB_TRX'
2018-01-31 15:35:59 3792 [Note] Shutting down plugin 'InnoDB'
2018-01-31 15:35:59 3792 [Note] InnoDB: FTS optimize thread exiting.
2018-01-31 15:35:59 3792 [Note] InnoDB: Starting shutdown...
2018-01-31 15:36:00 3792 [Note] InnoDB: Shutdown completed; log sequence number 1626716
2018-01-31 15:36:00 3792 [Note] Shutting down plugin 'BLACKHOLE'
2018-01-31 15:36:00 3792 [Note] Shutting down plugin 'ARCHIVE'
2018-01-31 15:36:00 3792 [Note] Shutting down plugin 'MRG_MYISAM'
2018-01-31 15:36:00 3792 [Note] Shutting down plugin 'MyISAM'
2018-01-31 15:36:00 3792 [Note] Shutting down plugin 'MEMORY'
2018-01-31 15:36:00 3792 [Note] Shutting down plugin 'CSV'
2018-01-31 15:36:00 3792 [Note] Shutting down plugin 'sha256_password'
2018-01-31 15:36:00 3792 [Note] Shutting down plugin 'mysql_old_password'
2018-01-31 15:36:00 3792 [Note] Shutting down plugin 'mysql_native_password'
2018-01-31 15:36:00 3792 [Note] Shutting down plugin 'binlog'
2018-01-31 15:36:00 3792 [Note] C:\Users\ITE152A-13\Desktop\wordpressing\USBWebserver v8.6/mysql/bin/mysqld_usbwv8.exe: Shutdown complete

2018-01-31 15:36:03 6760 [Note] Plugin 'FEDERATED' is disabled.
2018-01-31 15:36:03 6760 [Note] InnoDB: The InnoDB memory heap is disabled
2018-01-31 15:36:03 6760 [Note] InnoDB: Mutexes and rw_locks use Windows interlocked functions
2018-01-31 15:36:03 6760 [Note] InnoDB: Compressed tables use zlib 1.2.3
2018-01-31 15:36:03 6760 [Note] InnoDB: Not using CPU crc32 instructions
2018-01-31 15:36:03 6760 [Note] InnoDB: Initializing buffer pool, size = 128.0M
2018-01-31 15:36:03 6760 [Note] InnoDB: Completed initialization of buffer pool
2018-01-31 15:36:03 6760 [Note] InnoDB: Highest supported file format is Barracuda.
2018-01-31 15:36:03 6760 [Note] InnoDB: 128 rollback segment(s) are active.
2018-01-31 15:36:03 6760 [Note] InnoDB: Waiting for purge to start
2018-01-31 15:36:03 6760 [Note] InnoDB: 5.6.13 started; log sequence number 1626716
2018-01-31 15:36:03 6760 [Note] Server hostname (bind-address): '*'; port: 3306
2018-01-31 15:36:03 6760 [Note] IPv6 is available.
2018-01-31 15:36:03 6760 [Note]   - '::' resolves to '::';
2018-01-31 15:36:03 6760 [Note] Server socket created on IP: '::'.
2018-01-31 15:36:03 6760 [ERROR] Can't start server: Bind on TCP/IP port: No such file or directory
2018-01-31 15:36:03 6760 [ERROR] Do you already have another mysqld server running on port: 3306 ?
2018-01-31 15:36:03 6760 [ERROR] Aborting

2018-01-31 15:36:03 6760 [Note] Binlog end
2018-01-31 15:36:03 6760 [Note] Shutting down plugin 'partition'
2018-01-31 15:36:03 6760 [Note] Shutting down plugin 'PERFORMANCE_SCHEMA'
2018-01-31 15:36:03 6760 [Note] Shutting down plugin 'INNODB_SYS_DATAFILES'
2018-01-31 15:36:03 6760 [Note] Shutting down plugin 'INNODB_SYS_TABLESPACES'
2018-01-31 15:36:03 6760 [Note] Shutting down plugin 'INNODB_SYS_FOREIGN_COLS'
2018-01-31 15:36:03 6760 [Note] Shutting down plugin 'INNODB_SYS_FOREIGN'
2018-01-31 15:36:03 6760 [Note] Shutting down plugin 'INNODB_SYS_FIELDS'
2018-01-31 15:36:03 6760 [Note] Shutting down plugin 'INNODB_SYS_COLUMNS'
2018-01-31 15:36:03 6760 [Note] Shutting down plugin 'INNODB_SYS_INDEXES'
2018-01-31 15:36:03 6760 [Note] Shutting down plugin 'INNODB_SYS_TABLESTATS'
2018-01-31 15:36:03 6760 [Note] Shutting down plugin 'INNODB_SYS_TABLES'
2018-01-31 15:36:03 6760 [Note] Shutting down plugin 'INNODB_FT_INDEX_TABLE'
2018-01-31 15:36:03 6760 [Note] Shutting down plugin 'INNODB_FT_INDEX_CACHE'
2018-01-31 15:36:03 6760 [Note] Shutting down plugin 'INNODB_FT_CONFIG'
2018-01-31 15:36:03 6760 [Note] Shutting down plugin 'INNODB_FT_BEING_DELETED'
2018-01-31 15:36:03 6760 [Note] Shutting down plugin 'INNODB_FT_DELETED'
2018-01-31 15:36:03 6760 [Note] Shutting down plugin 'INNODB_FT_DEFAULT_STOPWORD'
2018-01-31 15:36:03 6760 [Note] Shutting down plugin 'INNODB_METRICS'
2018-01-31 15:36:03 6760 [Note] Shutting down plugin 'INNODB_BUFFER_POOL_STATS'
2018-01-31 15:36:03 6760 [Note] Shutting down plugin 'INNODB_BUFFER_PAGE_LRU'
2018-01-31 15:36:03 6760 [Note] Shutting down plugin 'INNODB_BUFFER_PAGE'
2018-01-31 15:36:03 6760 [Note] Shutting down plugin 'INNODB_CMP_PER_INDEX_RESET'
2018-01-31 15:36:03 6760 [Note] Shutting down plugin 'INNODB_CMP_PER_INDEX'
2018-01-31 15:36:03 6760 [Note] Shutting down plugin 'INNODB_CMPMEM_RESET'
2018-01-31 15:36:03 6760 [Note] Shutting down plugin 'INNODB_CMPMEM'
2018-01-31 15:36:03 6760 [Note] Shutting down plugin 'INNODB_CMP_RESET'
2018-01-31 15:36:03 6760 [Note] Shutting down plugin 'INNODB_CMP'
2018-01-31 15:36:03 6760 [Note] Shutting down plugin 'INNODB_LOCK_WAITS'
2018-01-31 15:36:03 6760 [Note] Shutting down plugin 'INNODB_LOCKS'
2018-01-31 15:36:03 6760 [Note] Shutting down plugin 'INNODB_TRX'
2018-01-31 15:36:03 6760 [Note] Shutting down plugin 'InnoDB'
2018-01-31 15:36:03 6760 [Note] InnoDB: FTS optimize thread exiting.
2018-01-31 15:36:03 6760 [Note] InnoDB: Starting shutdown...
2018-01-31 15:36:05 6760 [Note] InnoDB: Shutdown completed; log sequence number 1626726
2018-01-31 15:36:05 6760 [Note] Shutting down plugin 'BLACKHOLE'
2018-01-31 15:36:05 6760 [Note] Shutting down plugin 'ARCHIVE'
2018-01-31 15:36:05 6760 [Note] Shutting down plugin 'MRG_MYISAM'
2018-01-31 15:36:05 6760 [Note] Shutting down plugin 'MyISAM'
2018-01-31 15:36:05 6760 [Note] Shutting down plugin 'MEMORY'
2018-01-31 15:36:05 6760 [Note] Shutting down plugin 'CSV'
2018-01-31 15:36:05 6760 [Note] Shutting down plugin 'sha256_password'
2018-01-31 15:36:05 6760 [Note] Shutting down plugin 'mysql_old_password'
2018-01-31 15:36:05 6760 [Note] Shutting down plugin 'mysql_native_password'
2018-01-31 15:36:05 6760 [Note] Shutting down plugin 'binlog'
2018-01-31 15:36:05 6760 [Note] C:\Users\ITE152A-13\Desktop\wordpressing\USBWebserver v8.6/mysql/bin/mysqld_usbwv8.exe: Shutdown complete

2018-01-31 15:36:14 6732 [Note] Plugin 'FEDERATED' is disabled.
2018-01-31 15:36:14 6732 [Note] InnoDB: The InnoDB memory heap is disabled
2018-01-31 15:36:14 6732 [Note] InnoDB: Mutexes and rw_locks use Windows interlocked functions
2018-01-31 15:36:14 6732 [Note] InnoDB: Compressed tables use zlib 1.2.3
2018-01-31 15:36:14 6732 [Note] InnoDB: Not using CPU crc32 instructions
2018-01-31 15:36:14 6732 [Note] InnoDB: Initializing buffer pool, size = 128.0M
2018-01-31 15:36:14 6732 [Note] InnoDB: Completed initialization of buffer pool
2018-01-31 15:36:14 6732 [Note] InnoDB: Highest supported file format is Barracuda.
2018-01-31 15:36:14 6732 [Note] InnoDB: 128 rollback segment(s) are active.
2018-01-31 15:36:14 6732 [Note] InnoDB: Waiting for purge to start
2018-01-31 15:36:14 6732 [Note] InnoDB: 5.6.13 started; log sequence number 1626726
2018-01-31 15:36:14 6732 [Note] Server hostname (bind-address): '*'; port: 3306
2018-01-31 15:36:14 6732 [Note] IPv6 is available.
2018-01-31 15:36:14 6732 [Note]   - '::' resolves to '::';
2018-01-31 15:36:14 6732 [Note] Server socket created on IP: '::'.
2018-01-31 15:36:14 6732 [ERROR] Can't start server: Bind on TCP/IP port: No such file or directory
2018-01-31 15:36:14 6732 [ERROR] Do you already have another mysqld server running on port: 3306 ?
2018-01-31 15:36:14 6732 [ERROR] Aborting

2018-01-31 15:36:14 6732 [Note] Binlog end
2018-01-31 15:36:14 6732 [Note] Shutting down plugin 'partition'
2018-01-31 15:36:14 6732 [Note] Shutting down plugin 'PERFORMANCE_SCHEMA'
2018-01-31 15:36:14 6732 [Note] Shutting down plugin 'INNODB_SYS_DATAFILES'
2018-01-31 15:36:14 6732 [Note] Shutting down plugin 'INNODB_SYS_TABLESPACES'
2018-01-31 15:36:14 6732 [Note] Shutting down plugin 'INNODB_SYS_FOREIGN_COLS'
2018-01-31 15:36:14 6732 [Note] Shutting down plugin 'INNODB_SYS_FOREIGN'
2018-01-31 15:36:14 6732 [Note] Shutting down plugin 'INNODB_SYS_FIELDS'
2018-01-31 15:36:14 6732 [Note] Shutting down plugin 'INNODB_SYS_COLUMNS'
2018-01-31 15:36:14 6732 [Note] Shutting down plugin 'INNODB_SYS_INDEXES'
2018-01-31 15:36:14 6732 [Note] Shutting down plugin 'INNODB_SYS_TABLESTATS'
2018-01-31 15:36:14 6732 [Note] Shutting down plugin 'INNODB_SYS_TABLES'
2018-01-31 15:36:14 6732 [Note] Shutting down plugin 'INNODB_FT_INDEX_TABLE'
2018-01-31 15:36:14 6732 [Note] Shutting down plugin 'INNODB_FT_INDEX_CACHE'
2018-01-31 15:36:14 6732 [Note] Shutting down plugin 'INNODB_FT_CONFIG'
2018-01-31 15:36:14 6732 [Note] Shutting down plugin 'INNODB_FT_BEING_DELETED'
2018-01-31 15:36:14 6732 [Note] Shutting down plugin 'INNODB_FT_DELETED'
2018-01-31 15:36:14 6732 [Note] Shutting down plugin 'INNODB_FT_DEFAULT_STOPWORD'
2018-01-31 15:36:14 6732 [Note] Shutting down plugin 'INNODB_METRICS'
2018-01-31 15:36:14 6732 [Note] Shutting down plugin 'INNODB_BUFFER_POOL_STATS'
2018-01-31 15:36:14 6732 [Note] Shutting down plugin 'INNODB_BUFFER_PAGE_LRU'
2018-01-31 15:36:14 6732 [Note] Shutting down plugin 'INNODB_BUFFER_PAGE'
2018-01-31 15:36:14 6732 [Note] Shutting down plugin 'INNODB_CMP_PER_INDEX_RESET'
2018-01-31 15:36:14 6732 [Note] Shutting down plugin 'INNODB_CMP_PER_INDEX'
2018-01-31 15:36:14 6732 [Note] Shutting down plugin 'INNODB_CMPMEM_RESET'
2018-01-31 15:36:14 6732 [Note] Shutting down plugin 'INNODB_CMPMEM'
2018-01-31 15:36:14 6732 [Note] Shutting down plugin 'INNODB_CMP_RESET'
2018-01-31 15:36:14 6732 [Note] Shutting down plugin 'INNODB_CMP'
2018-01-31 15:36:14 6732 [Note] Shutting down plugin 'INNODB_LOCK_WAITS'
2018-01-31 15:36:14 6732 [Note] Shutting down plugin 'INNODB_LOCKS'
2018-01-31 15:36:14 6732 [Note] Shutting down plugin 'INNODB_TRX'
2018-01-31 15:36:14 6732 [Note] Shutting down plugin 'InnoDB'
2018-01-31 15:36:14 6732 [Note] InnoDB: FTS optimize thread exiting.
2018-01-31 15:36:14 6732 [Note] InnoDB: Starting shutdown...
2018-01-31 15:36:15 6732 [Note] InnoDB: Shutdown completed; log sequence number 1626736
2018-01-31 15:36:15 6732 [Note] Shutting down plugin 'BLACKHOLE'
2018-01-31 15:36:15 6732 [Note] Shutting down plugin 'ARCHIVE'
2018-01-31 15:36:15 6732 [Note] Shutting down plugin 'MRG_MYISAM'
2018-01-31 15:36:15 6732 [Note] Shutting down plugin 'MyISAM'
2018-01-31 15:36:15 6732 [Note] Shutting down plugin 'MEMORY'
2018-01-31 15:36:15 6732 [Note] Shutting down plugin 'CSV'
2018-01-31 15:36:15 6732 [Note] Shutting down plugin 'sha256_password'
2018-01-31 15:36:15 6732 [Note] Shutting down plugin 'mysql_old_password'
2018-01-31 15:36:15 6732 [Note] Shutting down plugin 'mysql_native_password'
2018-01-31 15:36:15 6732 [Note] Shutting down plugin 'binlog'
2018-01-31 15:36:15 6732 [Note] C:\Users\ITE152A-13\Desktop\wordpressing\USBWebserver v8.6/mysql/bin/mysqld_usbwv8.exe: Shutdown complete

2018-01-31 15:36:36 5588 [Note] Plugin 'FEDERATED' is disabled.
2018-01-31 15:36:36 5588 [Note] InnoDB: The InnoDB memory heap is disabled
2018-01-31 15:36:36 5588 [Note] InnoDB: Mutexes and rw_locks use Windows interlocked functions
2018-01-31 15:36:36 5588 [Note] InnoDB: Compressed tables use zlib 1.2.3
2018-01-31 15:36:36 5588 [Note] InnoDB: Not using CPU crc32 instructions
2018-01-31 15:36:36 5588 [Note] InnoDB: Initializing buffer pool, size = 128.0M
2018-01-31 15:36:36 5588 [Note] InnoDB: Completed initialization of buffer pool
2018-01-31 15:36:36 5588 [Note] InnoDB: Highest supported file format is Barracuda.
2018-01-31 15:36:36 5588 [Note] InnoDB: 128 rollback segment(s) are active.
2018-01-31 15:36:36 5588 [Note] InnoDB: Waiting for purge to start
2018-01-31 15:36:36 5588 [Note] InnoDB: 5.6.13 started; log sequence number 1626736
2018-01-31 15:36:36 5588 [Note] Server hostname (bind-address): '*'; port: 3306
2018-01-31 15:36:36 5588 [Note] IPv6 is available.
2018-01-31 15:36:36 5588 [Note]   - '::' resolves to '::';
2018-01-31 15:36:36 5588 [Note] Server socket created on IP: '::'.
2018-01-31 15:36:36 5588 [ERROR] Can't start server: Bind on TCP/IP port: No such file or directory
2018-01-31 15:36:36 5588 [ERROR] Do you already have another mysqld server running on port: 3306 ?
2018-01-31 15:36:36 5588 [ERROR] Aborting

2018-01-31 15:36:36 5588 [Note] Binlog end
2018-01-31 15:36:36 5588 [Note] Shutting down plugin 'partition'
2018-01-31 15:36:36 5588 [Note] Shutting down plugin 'PERFORMANCE_SCHEMA'
2018-01-31 15:36:36 5588 [Note] Shutting down plugin 'INNODB_SYS_DATAFILES'
2018-01-31 15:36:36 5588 [Note] Shutting down plugin 'INNODB_SYS_TABLESPACES'
2018-01-31 15:36:36 5588 [Note] Shutting down plugin 'INNODB_SYS_FOREIGN_COLS'
2018-01-31 15:36:36 5588 [Note] Shutting down plugin 'INNODB_SYS_FOREIGN'
2018-01-31 15:36:36 5588 [Note] Shutting down plugin 'INNODB_SYS_FIELDS'
2018-01-31 15:36:36 5588 [Note] Shutting down plugin 'INNODB_SYS_COLUMNS'
2018-01-31 15:36:36 5588 [Note] Shutting down plugin 'INNODB_SYS_INDEXES'
2018-01-31 15:36:36 5588 [Note] Shutting down plugin 'INNODB_SYS_TABLESTATS'
2018-01-31 15:36:36 5588 [Note] Shutting down plugin 'INNODB_SYS_TABLES'
2018-01-31 15:36:36 5588 [Note] Shutting down plugin 'INNODB_FT_INDEX_TABLE'
2018-01-31 15:36:36 5588 [Note] Shutting down plugin 'INNODB_FT_INDEX_CACHE'
2018-01-31 15:36:36 5588 [Note] Shutting down plugin 'INNODB_FT_CONFIG'
2018-01-31 15:36:36 5588 [Note] Shutting down plugin 'INNODB_FT_BEING_DELETED'
2018-01-31 15:36:36 5588 [Note] Shutting down plugin 'INNODB_FT_DELETED'
2018-01-31 15:36:36 5588 [Note] Shutting down plugin 'INNODB_FT_DEFAULT_STOPWORD'
2018-01-31 15:36:36 5588 [Note] Shutting down plugin 'INNODB_METRICS'
2018-01-31 15:36:36 5588 [Note] Shutting down plugin 'INNODB_BUFFER_POOL_STATS'
2018-01-31 15:36:36 5588 [Note] Shutting down plugin 'INNODB_BUFFER_PAGE_LRU'
2018-01-31 15:36:36 5588 [Note] Shutting down plugin 'INNODB_BUFFER_PAGE'
2018-01-31 15:36:36 5588 [Note] Shutting down plugin 'INNODB_CMP_PER_INDEX_RESET'
2018-01-31 15:36:36 5588 [Note] Shutting down plugin 'INNODB_CMP_PER_INDEX'
2018-01-31 15:36:36 5588 [Note] Shutting down plugin 'INNODB_CMPMEM_RESET'
2018-01-31 15:36:36 5588 [Note] Shutting down plugin 'INNODB_CMPMEM'
2018-01-31 15:36:36 5588 [Note] Shutting down plugin 'INNODB_CMP_RESET'
2018-01-31 15:36:36 5588 [Note] Shutting down plugin 'INNODB_CMP'
2018-01-31 15:36:36 5588 [Note] Shutting down plugin 'INNODB_LOCK_WAITS'
2018-01-31 15:36:36 5588 [Note] Shutting down plugin 'INNODB_LOCKS'
2018-01-31 15:36:36 5588 [Note] Shutting down plugin 'INNODB_TRX'
2018-01-31 15:36:36 5588 [Note] Shutting down plugin 'InnoDB'
2018-01-31 15:36:36 5588 [Note] InnoDB: FTS optimize thread exiting.
2018-01-31 15:36:36 5588 [Note] InnoDB: Starting shutdown...
2018-01-31 15:36:38 5588 [Note] InnoDB: Shutdown completed; log sequence number 1626746
2018-01-31 15:36:38 5588 [Note] Shutting down plugin 'BLACKHOLE'
2018-01-31 15:36:38 5588 [Note] Shutting down plugin 'ARCHIVE'
2018-01-31 15:36:38 5588 [Note] Shutting down plugin 'MRG_MYISAM'
2018-01-31 15:36:38 5588 [Note] Shutting down plugin 'MyISAM'
2018-01-31 15:36:38 5588 [Note] Shutting down plugin 'MEMORY'
2018-01-31 15:36:38 5588 [Note] Shutting down plugin 'CSV'
2018-01-31 15:36:38 5588 [Note] Shutting down plugin 'sha256_password'
2018-01-31 15:36:38 5588 [Note] Shutting down plugin 'mysql_old_password'
2018-01-31 15:36:38 5588 [Note] Shutting down plugin 'mysql_native_password'
2018-01-31 15:36:38 5588 [Note] Shutting down plugin 'binlog'
2018-01-31 15:36:38 5588 [Note] C:\Users\ITE152A-13\Desktop\wordpressing\USBWebserver v8.6/mysql/bin/mysqld_usbwv8.exe: Shutdown complete

2018-01-31 15:37:29 3996 [Note] Plugin 'FEDERATED' is disabled.
2018-01-31 15:37:29 3996 [Note] InnoDB: The InnoDB memory heap is disabled
2018-01-31 15:37:29 3996 [Note] InnoDB: Mutexes and rw_locks use Windows interlocked functions
2018-01-31 15:37:29 3996 [Note] InnoDB: Compressed tables use zlib 1.2.3
2018-01-31 15:37:29 3996 [Note] InnoDB: Not using CPU crc32 instructions
2018-01-31 15:37:29 3996 [Note] InnoDB: Initializing buffer pool, size = 128.0M
2018-01-31 15:37:29 3996 [Note] InnoDB: Completed initialization of buffer pool
2018-01-31 15:37:29 3996 [Note] InnoDB: Highest supported file format is Barracuda.
2018-01-31 15:37:29 3996 [Note] InnoDB: 128 rollback segment(s) are active.
2018-01-31 15:37:29 3996 [Note] InnoDB: Waiting for purge to start
2018-01-31 15:37:29 3996 [Note] InnoDB: 5.6.13 started; log sequence number 1626746
2018-01-31 15:37:29 3996 [Note] Server hostname (bind-address): '*'; port: 3307
2018-01-31 15:37:29 3996 [Note] IPv6 is available.
2018-01-31 15:37:29 3996 [Note]   - '::' resolves to '::';
2018-01-31 15:37:29 3996 [Note] Server socket created on IP: '::'.
2018-02-05 15:16:03 4072 [Note] Plugin 'FEDERATED' is disabled.
2018-02-05 15:16:03 4072 [Note] InnoDB: The InnoDB memory heap is disabled
2018-02-05 15:16:03 4072 [Note] InnoDB: Mutexes and rw_locks use Windows interlocked functions
2018-02-05 15:16:03 4072 [Note] InnoDB: Compressed tables use zlib 1.2.3
2018-02-05 15:16:03 4072 [Note] InnoDB: Not using CPU crc32 instructions
2018-02-05 15:16:03 4072 [Note] InnoDB: Initializing buffer pool, size = 128.0M
2018-02-05 15:16:03 4072 [Note] InnoDB: Completed initialization of buffer pool
2018-02-05 15:16:04 4072 [Note] InnoDB: Highest supported file format is Barracuda.
2018-02-05 15:16:04 4072 [Note] InnoDB: The log sequence numbers 1626746 and 1626746 in ibdata files do not match the log sequence number 3395448 in the ib_logfiles!
2018-02-05 15:16:04 4072 [Note] InnoDB: Database was not shutdown normally!
2018-02-05 15:16:04 4072 [Note] InnoDB: Starting crash recovery.
2018-02-05 15:16:04 4072 [Note] InnoDB: Reading tablespace information from the .ibd files...
2018-02-05 15:16:04 4072 [Note] InnoDB: Restoring possible half-written data pages 
2018-02-05 15:16:04 4072 [Note] InnoDB: from the doublewrite buffer...
2018-02-05 15:16:05 4072 [Note] InnoDB: 128 rollback segment(s) are active.
2018-02-05 15:16:05 4072 [Note] InnoDB: Waiting for purge to start
2018-02-05 15:16:05 4072 [Note] InnoDB: 5.6.13 started; log sequence number 3395448
2018-02-05 15:16:05 4072 [Note] Server hostname (bind-address): '*'; port: 3307
2018-02-05 15:16:05 4072 [Note] IPv6 is available.
2018-02-05 15:16:05 4072 [Note]   - '::' resolves to '::';
2018-02-05 15:16:05 4072 [Note] Server socket created on IP: '::'.
2018-02-07 15:33:22 5400 [Note] Plugin 'FEDERATED' is disabled.
2018-02-07 15:33:22 5400 [Note] InnoDB: The InnoDB memory heap is disabled
2018-02-07 15:33:22 5400 [Note] InnoDB: Mutexes and rw_locks use Windows interlocked functions
2018-02-07 15:33:22 5400 [Note] InnoDB: Compressed tables use zlib 1.2.3
2018-02-07 15:33:22 5400 [Note] InnoDB: Not using CPU crc32 instructions
2018-02-07 15:33:22 5400 [Note] InnoDB: Initializing buffer pool, size = 128.0M
2018-02-07 15:33:22 5400 [Note] InnoDB: Completed initialization of buffer pool
2018-02-07 15:33:23 5400 [Note] InnoDB: Highest supported file format is Barracuda.
2018-02-07 15:33:23 5400 [Note] InnoDB: The log sequence numbers 1626746 and 1626746 in ibdata files do not match the log sequence number 4614944 in the ib_logfiles!
2018-02-07 15:33:23 5400 [Note] InnoDB: Database was not shutdown normally!
2018-02-07 15:33:23 5400 [Note] InnoDB: Starting crash recovery.
2018-02-07 15:33:23 5400 [Note] InnoDB: Reading tablespace information from the .ibd files...
2018-02-07 15:33:23 5400 [Note] InnoDB: Restoring possible half-written data pages 
2018-02-07 15:33:23 5400 [Note] InnoDB: from the doublewrite buffer...
2018-02-07 15:33:23 5400 [Note] InnoDB: 128 rollback segment(s) are active.
2018-02-07 15:33:23 5400 [Note] InnoDB: Waiting for purge to start
2018-02-07 15:33:24 5400 [Note] InnoDB: 5.6.13 started; log sequence number 4614944
2018-02-07 15:33:24 5400 [Note] Server hostname (bind-address): '*'; port: 3307
2018-02-07 15:33:24 5400 [Note] IPv6 is available.
2018-02-07 15:33:24 5400 [Note]   - '::' resolves to '::';
2018-02-07 15:33:24 5400 [Note] Server socket created on IP: '::'.
2018-02-09 14:59:25 4692 [Note] Plugin 'FEDERATED' is disabled.
2018-02-09 14:59:25 4692 [Note] InnoDB: The InnoDB memory heap is disabled
2018-02-09 14:59:25 4692 [Note] InnoDB: Mutexes and rw_locks use Windows interlocked functions
2018-02-09 14:59:25 4692 [Note] InnoDB: Compressed tables use zlib 1.2.3
2018-02-09 14:59:25 4692 [Note] InnoDB: Not using CPU crc32 instructions
2018-02-09 14:59:25 4692 [Note] InnoDB: Initializing buffer pool, size = 128.0M
2018-02-09 14:59:25 4692 [Note] InnoDB: Completed initialization of buffer pool
2018-02-09 14:59:25 4692 [Note] InnoDB: Highest supported file format is Barracuda.
2018-02-09 14:59:25 4692 [Note] InnoDB: The log sequence numbers 1626746 and 1626746 in ibdata files do not match the log sequence number 5234781 in the ib_logfiles!
2018-02-09 14:59:25 4692 [Note] InnoDB: Database was not shutdown normally!
2018-02-09 14:59:25 4692 [Note] InnoDB: Starting crash recovery.
2018-02-09 14:59:25 4692 [Note] InnoDB: Reading tablespace information from the .ibd files...
2018-02-09 14:59:25 4692 [Note] InnoDB: Restoring possible half-written data pages 
2018-02-09 14:59:25 4692 [Note] InnoDB: from the doublewrite buffer...
2018-02-09 14:59:25 4692 [Note] InnoDB: 128 rollback segment(s) are active.
2018-02-09 14:59:25 4692 [Note] InnoDB: Waiting for purge to start
2018-02-09 14:59:25 4692 [Note] InnoDB: 5.6.13 started; log sequence number 5234781
2018-02-09 14:59:25 4692 [Note] Server hostname (bind-address): '*'; port: 3307
2018-02-09 14:59:25 4692 [Note] IPv6 is available.
2018-02-09 14:59:25 4692 [Note]   - '::' resolves to '::';
2018-02-09 14:59:25 4692 [Note] Server socket created on IP: '::'.
2018-02-12 15:02:51 4580 [Note] Plugin 'FEDERATED' is disabled.
2018-02-12 15:02:51 4580 [Note] InnoDB: The InnoDB memory heap is disabled
2018-02-12 15:02:51 4580 [Note] InnoDB: Mutexes and rw_locks use Windows interlocked functions
2018-02-12 15:02:51 4580 [Note] InnoDB: Compressed tables use zlib 1.2.3
2018-02-12 15:02:51 4580 [Note] InnoDB: Not using CPU crc32 instructions
2018-02-12 15:02:51 4580 [Note] InnoDB: Initializing buffer pool, size = 128.0M
2018-02-12 15:02:51 4580 [Note] InnoDB: Completed initialization of buffer pool
2018-02-12 15:02:51 4580 [Note] InnoDB: Highest supported file format is Barracuda.
2018-02-12 15:02:51 4580 [Note] InnoDB: The log sequence numbers 1626746 and 1626746 in ibdata files do not match the log sequence number 6199623 in the ib_logfiles!
2018-02-12 15:02:51 4580 [Note] InnoDB: Database was not shutdown normally!
2018-02-12 15:02:51 4580 [Note] InnoDB: Starting crash recovery.
2018-02-12 15:02:51 4580 [Note] InnoDB: Reading tablespace information from the .ibd files...
2018-02-12 15:02:51 4580 [Note] InnoDB: Restoring possible half-written data pages 
2018-02-12 15:02:51 4580 [Note] InnoDB: from the doublewrite buffer...
2018-02-12 15:02:52 4580 [Note] InnoDB: 128 rollback segment(s) are active.
2018-02-12 15:02:52 4580 [Note] InnoDB: Waiting for purge to start
2018-02-12 15:02:52 4580 [Note] InnoDB: 5.6.13 started; log sequence number 6199623
2018-02-12 15:02:52 4580 [Note] Server hostname (bind-address): '*'; port: 3307
2018-02-12 15:02:52 4580 [Note] IPv6 is available.
2018-02-12 15:02:52 4580 [Note]   - '::' resolves to '::';
2018-02-12 15:02:52 4580 [Note] Server socket created on IP: '::'.
2018-02-12 15:03:48 4044 [Note] Plugin 'FEDERATED' is disabled.
2018-02-12 15:03:48 4044 [Note] InnoDB: The InnoDB memory heap is disabled
2018-02-12 15:03:48 4044 [Note] InnoDB: Mutexes and rw_locks use Windows interlocked functions
2018-02-12 15:03:48 4044 [Note] InnoDB: Compressed tables use zlib 1.2.3
2018-02-12 15:03:48 4044 [Note] InnoDB: Not using CPU crc32 instructions
2018-02-12 15:03:48 4044 [Note] InnoDB: Initializing buffer pool, size = 128.0M
2018-02-12 15:03:48 4044 [Note] InnoDB: Completed initialization of buffer pool
2018-02-12 15:03:48 4044 [Note] InnoDB: Highest supported file format is Barracuda.
2018-02-12 15:03:48 4044 [Note] InnoDB: The log sequence numbers 1626746 and 1626746 in ibdata files do not match the log sequence number 6204043 in the ib_logfiles!
2018-02-12 15:03:48 4044 [Note] InnoDB: Database was not shutdown normally!
2018-02-12 15:03:48 4044 [Note] InnoDB: Starting crash recovery.
2018-02-12 15:03:48 4044 [Note] InnoDB: Reading tablespace information from the .ibd files...
2018-02-12 15:03:48 4044 [Note] InnoDB: Restoring possible half-written data pages 
2018-02-12 15:03:48 4044 [Note] InnoDB: from the doublewrite buffer...
2018-02-12 15:03:48 4044 [Note] InnoDB: 128 rollback segment(s) are active.
2018-02-12 15:03:48 4044 [Note] InnoDB: Waiting for purge to start
2018-02-12 15:03:48 4044 [Note] InnoDB: 5.6.13 started; log sequence number 6204043
2018-02-12 15:03:48 4044 [Note] Server hostname (bind-address): '*'; port: 3307
2018-02-12 15:03:48 4044 [Note] IPv6 is available.
2018-02-12 15:03:48 4044 [Note]   - '::' resolves to '::';
2018-02-12 15:03:48 4044 [Note] Server socket created on IP: '::'.
